Warning[205] D:\CODE\MCU\MIDTERM.X\NEWASMTEMPLATE.ASM 1 : Found directive in column 1. (LIST)
Warning[205] D:\CODE\MCU\MIDTERM.X\NEWASMTEMPLATE.ASM 79 : Found directive in column 1. (ORG)
Warning[203] D:\CODE\MCU\MIDTERM.X\NEWASMTEMPLATE.ASM 80 : Found opcode in column 1. (goto)
Warning[205] D:\CODE\MCU\MIDTERM.X\NEWASMTEMPLATE.ASM 81 : Found directive in column 1. (ORG)
Warning[203] D:\CODE\MCU\MIDTERM.X\NEWASMTEMPLATE.ASM 82 : Found opcode in column 1. (goto)
Warning[207] D:\CODE\MCU\MIDTERM.X\NEWASMTEMPLATE.ASM 90 : Found label after column 1. (L1)
Warning[207] D:\CODE\MCU\MIDTERM.X\NEWASMTEMPLATE.ASM 91 : Found label after column 1. (L2)
Warning[205] D:\CODE\MCU\MIDTERM.X\NEWASMTEMPLATE.ASM 111 : Found directive in column 1. (ENDM)
Warning[207] D:\CODE\MCU\MIDTERM.X\NEWASMTEMPLATE.ASM 99 : Found label after column 1. (LOOP2)
Warning[207] D:\CODE\MCU\MIDTERM.X\NEWASMTEMPLATE.ASM 102 : Found label after column 1. (LOOP1)
Warning[207] D:\CODE\MCU\MIDTERM.X\NEWASMTEMPLATE.ASM 99 : Found label after column 1. (LOOP2)
Warning[207] D:\CODE\MCU\MIDTERM.X\NEWASMTEMPLATE.ASM 102 : Found label after column 1. (LOOP1)
Warning[207] D:\CODE\MCU\MIDTERM.X\NEWASMTEMPLATE.ASM 99 : Found label after column 1. (LOOP2)
Warning[207] D:\CODE\MCU\MIDTERM.X\NEWASMTEMPLATE.ASM 102 : Found label after column 1. (LOOP1)
Warning[207] D:\CODE\MCU\MIDTERM.X\NEWASMTEMPLATE.ASM 99 : Found label after column 1. (LOOP2)
Warning[207] D:\CODE\MCU\MIDTERM.X\NEWASMTEMPLATE.ASM 102 : Found label after column 1. (LOOP1)
Warning[207] D:\CODE\MCU\MIDTERM.X\NEWASMTEMPLATE.ASM 99 : Found label after column 1. (LOOP2)
Warning[207] D:\CODE\MCU\MIDTERM.X\NEWASMTEMPLATE.ASM 102 : Found label after column 1. (LOOP1)
Warning[207] D:\CODE\MCU\MIDTERM.X\NEWASMTEMPLATE.ASM 99 : Found label after column 1. (LOOP2)
Warning[207] D:\CODE\MCU\MIDTERM.X\NEWASMTEMPLATE.ASM 102 : Found label after column 1. (LOOP1)
Warning[207] D:\CODE\MCU\MIDTERM.X\NEWASMTEMPLATE.ASM 99 : Found label after column 1. (LOOP2)
Warning[207] D:\CODE\MCU\MIDTERM.X\NEWASMTEMPLATE.ASM 102 : Found label after column 1. (LOOP1)
Warning[207] D:\CODE\MCU\MIDTERM.X\NEWASMTEMPLATE.ASM 99 : Found label after column 1. (LOOP2)
Warning[207] D:\CODE\MCU\MIDTERM.X\NEWASMTEMPLATE.ASM 102 : Found label after column 1. (LOOP1)
