MPASM 5.81                NEWASMTEMPLATE.ASM   1-5-2019  21:09:51         PAGE  1


LOC  OBJECT CODE     LINE SOURCE TEXT
  VALUE

Warning[205]: Found directive in column 1. (LIST)
                      00001 LIST p=18f4520
                      00002 #include<p18f4520.inc>
                      00001         LIST
                      00002 
                      00003 ;==========================================================================
                      00004 ; Build date : Jul 23 2018
                      00005 ;  MPASM PIC18F4520 processor include
                      00006 ; 
                      00007 ;  (c) Copyright 1999-2018 Microchip Technology, All rights reserved
                      00008 ;==========================================================================
                      00009 
                      01489         LIST
                      00003 ; CONFIG1H
                      00004   CONFIG  OSC = XT        ; Oscillator Selection bits (Internal oscillator block, port function on RA6 a
                            nd RA7)
                      00005   CONFIG  FCMEN = OFF           ; Fail-Safe Clock Monitor Enable bit (Fail-Safe Clock Monitor disabled)
                      00006   CONFIG  IESO = OFF            ; Internal/External Oscillator Switchover bit (Oscillator Switchover mod
                            e disabled)
                      00007 
                      00008 ; CONFIG2L
                      00009   CONFIG  PWRT = OFF            ; Power-up Timer Enable bit (PWRT disabled)
                      00010   CONFIG  BOREN = SBORDIS       ; Brown-out Reset Enable bits (Brown-out Reset enabled in hardware only 
                            (SBOREN is disabled))
                      00011   CONFIG  BORV = 3              ; Brown Out Reset Voltage bits (Minimum setting)
                      00012 
                      00013 ; CONFIG2H
                      00014   CONFIG  WDT = OFF             ; Watchdog Timer Enable bit (WDT disabled (control is placed on the SWDT
                            EN bit))
                      00015   CONFIG  WDTPS = 32768         ; Watchdog Timer Postscale Select bits (1:32768)
                      00016 
                      00017 ; CONFIG3H
                      00018   CONFIG  CCP2MX = PORTC        ; CCP2 MUX bit (CCP2 input/output is multiplexed with RC1)
                      00019   CONFIG  PBADEN = ON           ; PORTB A/D Enable bit (PORTB<4:0> pins are configured as analog input c
                            hannels on Reset)
                      00020   CONFIG  LPT1OSC = OFF         ; Low-Power Timer1 Oscillator Enable bit (Timer1 configured for higher p
                            ower operation)
                      00021   CONFIG  MCLRE = ON            ; MCLR Pin Enable bit (MCLR pin enabled; RE3 input pin disabled)
                      00022 
                      00023 ; CONFIG4L
                      00024   CONFIG  STVREN = ON           ; Stack Full/Underflow Reset Enable bit (Stack full/underflow will cause
                             Reset)
                      00025   CONFIG  LVP = OFF             ; Single-Supply ICSP Enable bit (Single-Supply ICSP disabled)
                      00026   CONFIG  XINST = OFF           ; Extended Instruction Set Enable bit (Instruction set extension and Ind
                            exed Addressing mode disabled (Legacy mode))
                      00027 
                      00028 ; CONFIG5L
                      00029   CONFIG  CP0 = OFF             ; Code Protection bit (Block 0 (000800-001FFFh) not code-protected)
                      00030   CONFIG  CP1 = OFF             ; Code Protection bit (Block 1 (002000-003FFFh) not code-protected)
                      00031   CONFIG  CP2 = OFF             ; Code Protection bit (Block 2 (004000-005FFFh) not code-protected)
                      00032   CONFIG  CP3 = OFF             ; Code Protection bit (Block 3 (006000-007FFFh) not code-protected)
                      00033 
                      00034 ; CONFIG5H
MPASM 5.81                NEWASMTEMPLATE.ASM   1-5-2019  21:09:51         PAGE  2


LOC  OBJECT CODE     LINE SOURCE TEXT
  VALUE

                      00035   CONFIG  CPB = OFF             ; Boot Block Code Protection bit (Boot block (000000-0007FFh) not code-p
                            rotected)
                      00036   CONFIG  CPD = OFF             ; Data EEPROM Code Protection bit (Data EEPROM not code-protected)
                      00037 
                      00038 ; CONFIG6L
                      00039   CONFIG  WRT0 = OFF            ; Write Protection bit (Block 0 (000800-001FFFh) not write-protected)
                      00040   CONFIG  WRT1 = OFF            ; Write Protection bit (Block 1 (002000-003FFFh) not write-protected)
                      00041   CONFIG  WRT2 = OFF            ; Write Protection bit (Block 2 (004000-005FFFh) not write-protected)
                      00042   CONFIG  WRT3 = OFF            ; Write Protection bit (Block 3 (006000-007FFFh) not write-protected)
                      00043 
                      00044 ; CONFIG6H
                      00045   CONFIG  WRTC = OFF            ; Configuration Register Write Protection bit (Configuration registers (
                            300000-3000FFh) not write-protected)
                      00046   CONFIG  WRTB = OFF            ; Boot Block Write Protection bit (Boot block (000000-0007FFh) not write
                            -protected)
                      00047   CONFIG  WRTD = OFF            ; Data EEPROM Write Protection bit (Data EEPROM not write-protected)
                      00048 
                      00049 ; CONFIG7L
                      00050   CONFIG  EBTR0 = OFF           ; Table Read Protection bit (Block 0 (000800-001FFFh) not protected from
                             table reads executed in other blocks)
                      00051   CONFIG  EBTR1 = OFF           ; Table Read Protection bit (Block 1 (002000-003FFFh) not protected from
                             table reads executed in other blocks)
                      00052   CONFIG  EBTR2 = OFF           ; Table Read Protection bit (Block 2 (004000-005FFFh) not protected from
                             table reads executed in other blocks)
                      00053   CONFIG  EBTR3 = OFF           ; Table Read Protection bit (Block 3 (006000-007FFFh) not protected from
                             table reads executed in other blocks)
                      00054 
                      00055 ; CONFIG7H
                      00056   CONFIG  EBTRB = OFF           ; Boot Block Table Read Protection bit (Boot block (000000-0007FFh) not 
                            protected from table reads executed in other blocks)
                      00057    ORG 0X00
  0000000C            00058 TopCount:       equ      0x0C
  0000000D            00059 BotCount:       equ      0x0D
  00000010            00060 LCount0:        equ      0x10
  00000011            00061 LCount1:        equ      0x11
  00000012            00062 LCount2:        equ      0x12
  00000013            00063 LCount3:        equ      0x13
  00000014            00064 LCount4:        equ      0x14
  00000015            00065 LCount5:        equ      0x15
  00000016            00066 LCount6:        equ      0x16
                      00067 
                      00068 blank:  macro
                      00069         bcf     PORTB, 1
                      00070         endm
                      00071 point:  macro
                      00072         bsf     PORTB, 1
                      00073         endm
                      00074 
                      00075 HSync:  macro
                      00076         bcf     PORTB, 3      ; horiz sync
                      00077         nop
                      00078         bsf     PORTB, 3      ; horiz sync
                      00079         endm
MPASM 5.81                NEWASMTEMPLATE.ASM   1-5-2019  21:09:51         PAGE  3


LOC  OBJECT CODE     LINE SOURCE TEXT
  VALUE

                      00080 
                      00081 VSync:  macro
                      00082         bcf     PORTB, 4        ; vert sync
                      00083         nop
                      00084         nop
                      00085         nop
                      00086         nop
                      00087         nop
                      00088         bsf     PORTB, 4        ; vert sync
                      00089         endm
                      00090 
                      00091         org     0
000000 EF?? F???      00092         goto    Start
                      00093         org     0x20            ; start address 0
                      00094 
000020                00095 Start:  
                      00096         ;bsf    OSCCON, 6
                      00097         ;bsf    OSCCON, 5
                      00098         ;bcf    OSCCON, 4
000020 6A81           00099         clrf    PORTB
                      00100         ;movlb  0x01    ; select bank 1
000022 6A93           00101         clrf    TRISB
                      00102         ;movlb  0x00            ; select bank 0
000024 8881           00103         bsf     PORTB, 4        ; vert sync
                      00104         
                      00105 
                      00106 LoopV:  VSync                   ; 1-6
000026 9881               M         bcf     PORTB, 4        ; vert sync
000028 0000               M         nop
00002A 0000               M         nop
00002C 0000               M         nop
00002E 0000               M         nop
000030 0000               M         nop
000032 8881               M         bsf     PORTB, 4        ; vert sync
                      00107 
                      00108         blank                   ; 1
000034 9281               M         bcf     PORTB, 1
000036 0ED0           00109         movlw   D'208'
000038 6E0C           00110         movwf   TopCount
00003A 6E0D           00111         movwf   BotCount
00003C 0E0F           00112         movlw   D'15'
00003E 6E10           00113         movwf   LCount0
000040 6E11           00114         movwf   LCount1
000042 6E12           00115         movwf   LCount2
000044 6E13           00116         movwf   LCount3
000046 6E14           00117         movwf   LCount4
000048 6E15           00118         movwf   LCount5
00004A 6E16           00119         movwf   LCount6
                      00120                                 
00004C                00121 BlankLoopTop:                   ; now, the blank area at the top
                      00122         blank                   ; 1
00004C 9281               M         bcf     PORTB, 1
00004E 0000           00123         nop                     ; 2
MPASM 5.81                NEWASMTEMPLATE.ASM   1-5-2019  21:09:51         PAGE  4


LOC  OBJECT CODE     LINE SOURCE TEXT
  VALUE

000050 0000           00124         nop                     ; 3
000052 EC?? F???      00125         call    Delay10mkS      ; 4-13
000056 EC?? F???      00126         call    Delay10mkS      ; 14-23
                      00127         
00005A 0000           00128         nop                     ; 24
00005C 0000           00129         nop                     ; 25
00005E 0000           00130         nop                     ; 26
                      00131 
                      00132         HSync                   ; 27-29
000060 9681               M         bcf     PORTB, 3      ; horiz sync
000062 0000               M         nop
000064 8681               M         bsf     PORTB, 3      ; horiz sync
                      00133 
000066 2E0C           00134         decfsz  TopCount        ; 30
000068 EF?? F???      00135         goto    BlankLoopTop    ; 31
00006C 0000           00136         nop                     ; 32 (207*32=6624)
                      00137 
                      00138         #include <text.inc>     ; 7*15*32=3360
                      00001 ;  00000000011111111112222222HHHLL3
                      00002 ;  12345678901234567890123456HHHLL2
                      00003 ;0  ***** *****  **** *****
                      00004 ;1    *   *     *       *
                      00005 ;2    *   *     *       *
                      00006 ;3    *   ***** *       *
                      00007 ;4    *   *     *       *
                      00008 ;5    *   *     *       *
                      00009 ;6    *   *****  ****   *
                      00010 
                      00011 Loop0:  blank      ; 1  
00006E 9281               M         bcf     PORTB, 1
                      00012         point      ; 2  *
000070 8281               M         bsf     PORTB, 1
                      00013         point      ; 3  *
000072 8281               M         bsf     PORTB, 1
                      00014         point      ; 4  * 
000074 8281               M         bsf     PORTB, 1
                      00015         point      ; 5  *
000076 8281               M         bsf     PORTB, 1
                      00016         point      ; 6  *
000078 8281               M         bsf     PORTB, 1
                      00017         blank      ; 7   
00007A 9281               M         bcf     PORTB, 1
                      00018         point      ; 8  *
00007C 8281               M         bsf     PORTB, 1
                      00019         point      ; 9  *
00007E 8281               M         bsf     PORTB, 1
                      00020         point      ; 10 *
000080 8281               M         bsf     PORTB, 1
                      00021         point      ; 11 *
000082 8281               M         bsf     PORTB, 1
                      00022         point      ; 12 *
000084 8281               M         bsf     PORTB, 1
                      00023         blank      ; 13  
MPASM 5.81                NEWASMTEMPLATE.ASM   1-5-2019  21:09:51         PAGE  5


LOC  OBJECT CODE     LINE SOURCE TEXT
  VALUE

000086 9281               M         bcf     PORTB, 1
                      00024         blank      ; 14  
000088 9281               M         bcf     PORTB, 1
                      00025         point      ; 15 *
00008A 8281               M         bsf     PORTB, 1
                      00026         point      ; 16 *
00008C 8281               M         bsf     PORTB, 1
                      00027         point      ; 17 *
00008E 8281               M         bsf     PORTB, 1
                      00028         point      ; 18 *
000090 8281               M         bsf     PORTB, 1
                      00029         blank      ; 19  
000092 9281               M         bcf     PORTB, 1
                      00030         point      ; 20 *
000094 8281               M         bsf     PORTB, 1
                      00031         point      ; 21 *
000096 8281               M         bsf     PORTB, 1
                      00032         point      ; 22 *
000098 8281               M         bsf     PORTB, 1
                      00033         point      ; 23 *
00009A 8281               M         bsf     PORTB, 1
                      00034         point      ; 24 *
00009C 8281               M         bsf     PORTB, 1
                      00035         blank      ; 25  
00009E 9281               M         bcf     PORTB, 1
                      00036         blank      ; 26  
0000A0 9281               M         bcf     PORTB, 1
                      00037 
                      00038         HSync      ; 27-29
0000A2 9681               M         bcf     PORTB, 3      ; horiz sync
0000A4 0000               M         nop
0000A6 8681               M         bsf     PORTB, 3      ; horiz sync
                      00039 
0000A8 2E10           00040         decfsz  LCount0       ; 30
0000AA EF?? F???      00041         goto    Loop0         ; 31
0000AE 0000           00042         nop        ; 32
                      00043 
                      00044 Loop1:  blank      ; 1   
0000B0 9281               M         bcf     PORTB, 1
                      00045         blank      ; 2   
0000B2 9281               M         bcf     PORTB, 1
                      00046         blank      ; 3   
0000B4 9281               M         bcf     PORTB, 1
                      00047         point      ; 4  * 
0000B6 8281               M         bsf     PORTB, 1
                      00048         blank      ; 5   
0000B8 9281               M         bcf     PORTB, 1
                      00049         blank      ; 6   
0000BA 9281               M         bcf     PORTB, 1
                      00050         blank      ; 7   
0000BC 9281               M         bcf     PORTB, 1
                      00051         point      ; 8  *
0000BE 8281               M         bsf     PORTB, 1
MPASM 5.81                NEWASMTEMPLATE.ASM   1-5-2019  21:09:51         PAGE  6


LOC  OBJECT CODE     LINE SOURCE TEXT
  VALUE

                      00052         blank      ; 9   
0000C0 9281               M         bcf     PORTB, 1
                      00053         blank      ; 10  
0000C2 9281               M         bcf     PORTB, 1
                      00054         blank      ; 11  
0000C4 9281               M         bcf     PORTB, 1
                      00055         blank      ; 12
0000C6 9281               M         bcf     PORTB, 1
                      00056         blank      ; 13  
0000C8 9281               M         bcf     PORTB, 1
                      00057         point      ; 14 *
0000CA 8281               M         bsf     PORTB, 1
                      00058         blank      ; 15  
0000CC 9281               M         bcf     PORTB, 1
                      00059         blank      ; 16  
0000CE 9281               M         bcf     PORTB, 1
                      00060         blank      ; 17 
0000D0 9281               M         bcf     PORTB, 1
                      00061         blank      ; 18  
0000D2 9281               M         bcf     PORTB, 1
                      00062         blank      ; 19  
0000D4 9281               M         bcf     PORTB, 1
                      00063         blank      ; 20  
0000D6 9281               M         bcf     PORTB, 1
                      00064         blank      ; 21  
0000D8 9281               M         bcf     PORTB, 1
                      00065         point      ; 22 *
0000DA 8281               M         bsf     PORTB, 1
                      00066         blank      ; 23 
0000DC 9281               M         bcf     PORTB, 1
                      00067         blank      ; 24  
0000DE 9281               M         bcf     PORTB, 1
                      00068         blank      ; 25  
0000E0 9281               M         bcf     PORTB, 1
                      00069         blank      ; 26  
0000E2 9281               M         bcf     PORTB, 1
                      00070 
                      00071         HSync      ; 27-29
0000E4 9681               M         bcf     PORTB, 3      ; horiz sync
0000E6 0000               M         nop
0000E8 8681               M         bsf     PORTB, 3      ; horiz sync
                      00072 
0000EA 2E11           00073         decfsz  LCount1       ; 30
0000EC EF?? F???      00074         goto    Loop1         ; 31
0000F0 0000           00075         nop        ; 32
                      00076 
                      00077 Loop2:  blank      ; 1   
0000F2 9281               M         bcf     PORTB, 1
                      00078         blank      ; 2   
0000F4 9281               M         bcf     PORTB, 1
                      00079         blank      ; 3   
0000F6 9281               M         bcf     PORTB, 1
                      00080         point      ; 4  * 
MPASM 5.81                NEWASMTEMPLATE.ASM   1-5-2019  21:09:51         PAGE  7


LOC  OBJECT CODE     LINE SOURCE TEXT
  VALUE

0000F8 8281               M         bsf     PORTB, 1
                      00081         blank      ; 5   
0000FA 9281               M         bcf     PORTB, 1
                      00082         blank      ; 6   
0000FC 9281               M         bcf     PORTB, 1
                      00083         blank      ; 7   
0000FE 9281               M         bcf     PORTB, 1
                      00084         point      ; 8  *
000100 8281               M         bsf     PORTB, 1
                      00085         blank      ; 9   
000102 9281               M         bcf     PORTB, 1
                      00086         blank      ; 10  
000104 9281               M         bcf     PORTB, 1
                      00087         blank      ; 11  
000106 9281               M         bcf     PORTB, 1
                      00088         blank      ; 12
000108 9281               M         bcf     PORTB, 1
                      00089         blank      ; 13  
00010A 9281               M         bcf     PORTB, 1
                      00090         point      ; 14 *
00010C 8281               M         bsf     PORTB, 1
                      00091         blank      ; 15  
00010E 9281               M         bcf     PORTB, 1
                      00092         blank      ; 16  
000110 9281               M         bcf     PORTB, 1
                      00093         blank      ; 17 
000112 9281               M         bcf     PORTB, 1
                      00094         blank      ; 18  
000114 9281               M         bcf     PORTB, 1
                      00095         blank      ; 19  
000116 9281               M         bcf     PORTB, 1
                      00096         blank      ; 20  
000118 9281               M         bcf     PORTB, 1
                      00097         blank      ; 21  
00011A 9281               M         bcf     PORTB, 1
                      00098         point      ; 22 *
00011C 8281               M         bsf     PORTB, 1
                      00099         blank      ; 23 
00011E 9281               M         bcf     PORTB, 1
                      00100         blank      ; 24  
000120 9281               M         bcf     PORTB, 1
                      00101         blank      ; 25  
000122 9281               M         bcf     PORTB, 1
                      00102         blank      ; 26  
000124 9281               M         bcf     PORTB, 1
                      00103 
                      00104         HSync      ; 27-29
000126 9681               M         bcf     PORTB, 3      ; horiz sync
000128 0000               M         nop
00012A 8681               M         bsf     PORTB, 3      ; horiz sync
                      00105 
00012C 2E12           00106         decfsz  LCount2       ; 30
00012E EF?? F???      00107         goto    Loop2         ; 31
MPASM 5.81                NEWASMTEMPLATE.ASM   1-5-2019  21:09:51         PAGE  8


LOC  OBJECT CODE     LINE SOURCE TEXT
  VALUE

000132 0000           00108         nop        ; 32
                      00109 
                      00110 Loop3:  blank      ; 1   
000134 9281               M         bcf     PORTB, 1
                      00111         blank      ; 2   
000136 9281               M         bcf     PORTB, 1
                      00112         blank      ; 3   
000138 9281               M         bcf     PORTB, 1
                      00113         point      ; 4  * 
00013A 8281               M         bsf     PORTB, 1
                      00114         blank      ; 5   
00013C 9281               M         bcf     PORTB, 1
                      00115         blank      ; 6   
00013E 9281               M         bcf     PORTB, 1
                      00116         blank      ; 7   
000140 9281               M         bcf     PORTB, 1
                      00117         point      ; 8  *
000142 8281               M         bsf     PORTB, 1
                      00118         point      ; 9  *
000144 8281               M         bsf     PORTB, 1
                      00119         point      ; 10 *
000146 8281               M         bsf     PORTB, 1
                      00120         point      ; 11 *
000148 8281               M         bsf     PORTB, 1
                      00121         point      ; 12 *
00014A 8281               M         bsf     PORTB, 1
                      00122         blank      ; 13  
00014C 9281               M         bcf     PORTB, 1
                      00123         point      ; 14 *
00014E 8281               M         bsf     PORTB, 1
                      00124         blank      ; 15  
000150 9281               M         bcf     PORTB, 1
                      00125         blank      ; 16  
000152 9281               M         bcf     PORTB, 1
                      00126         blank      ; 17 
000154 9281               M         bcf     PORTB, 1
                      00127         blank      ; 18  
000156 9281               M         bcf     PORTB, 1
                      00128         blank      ; 19  
000158 9281               M         bcf     PORTB, 1
                      00129         blank      ; 20  
00015A 9281               M         bcf     PORTB, 1
                      00130         blank      ; 21  
00015C 9281               M         bcf     PORTB, 1
                      00131         point      ; 22 *
00015E 8281               M         bsf     PORTB, 1
                      00132         blank      ; 23 
000160 9281               M         bcf     PORTB, 1
                      00133         blank      ; 24  
000162 9281               M         bcf     PORTB, 1
                      00134         blank      ; 25  
000164 9281               M         bcf     PORTB, 1
                      00135         blank      ; 26  
MPASM 5.81                NEWASMTEMPLATE.ASM   1-5-2019  21:09:51         PAGE  9


LOC  OBJECT CODE     LINE SOURCE TEXT
  VALUE

000166 9281               M         bcf     PORTB, 1
                      00136 
                      00137         HSync      ; 27-29
000168 9681               M         bcf     PORTB, 3      ; horiz sync
00016A 0000               M         nop
00016C 8681               M         bsf     PORTB, 3      ; horiz sync
                      00138 
00016E 2E13           00139         decfsz  LCount3       ; 30
000170 EF?? F???      00140         goto    Loop3         ; 31
000174 0000           00141         nop        ; 32
                      00142 
                      00143 Loop4:  blank      ; 1   
000176 9281               M         bcf     PORTB, 1
                      00144         blank      ; 2   
000178 9281               M         bcf     PORTB, 1
                      00145         blank      ; 3   
00017A 9281               M         bcf     PORTB, 1
                      00146         point      ; 4  * 
00017C 8281               M         bsf     PORTB, 1
                      00147         blank      ; 5   
00017E 9281               M         bcf     PORTB, 1
                      00148         blank      ; 6   
000180 9281               M         bcf     PORTB, 1
                      00149         blank      ; 7   
000182 9281               M         bcf     PORTB, 1
                      00150         point      ; 8  *
000184 8281               M         bsf     PORTB, 1
                      00151         blank      ; 9   
000186 9281               M         bcf     PORTB, 1
                      00152         blank      ; 10  
000188 9281               M         bcf     PORTB, 1
                      00153         blank      ; 11  
00018A 9281               M         bcf     PORTB, 1
                      00154         blank      ; 12
00018C 9281               M         bcf     PORTB, 1
                      00155         blank      ; 13  
00018E 9281               M         bcf     PORTB, 1
                      00156         point      ; 14 *
000190 8281               M         bsf     PORTB, 1
                      00157         blank      ; 15  
000192 9281               M         bcf     PORTB, 1
                      00158         blank      ; 16  
000194 9281               M         bcf     PORTB, 1
                      00159         blank      ; 17 
000196 9281               M         bcf     PORTB, 1
                      00160         blank      ; 18  
000198 9281               M         bcf     PORTB, 1
                      00161         blank      ; 19  
00019A 9281               M         bcf     PORTB, 1
                      00162         blank      ; 20  
00019C 9281               M         bcf     PORTB, 1
                      00163         blank      ; 21  
00019E 9281               M         bcf     PORTB, 1
MPASM 5.81                NEWASMTEMPLATE.ASM   1-5-2019  21:09:51         PAGE 10


LOC  OBJECT CODE     LINE SOURCE TEXT
  VALUE

                      00164         point      ; 22 *
0001A0 8281               M         bsf     PORTB, 1
                      00165         blank      ; 23 
0001A2 9281               M         bcf     PORTB, 1
                      00166         blank      ; 24  
0001A4 9281               M         bcf     PORTB, 1
                      00167         blank      ; 25  
0001A6 9281               M         bcf     PORTB, 1
                      00168         blank      ; 26  
0001A8 9281               M         bcf     PORTB, 1
                      00169 
                      00170         HSync      ; 27-29
0001AA 9681               M         bcf     PORTB, 3      ; horiz sync
0001AC 0000               M         nop
0001AE 8681               M         bsf     PORTB, 3      ; horiz sync
                      00171 
0001B0 2E14           00172         decfsz  LCount4       ; 30
0001B2 EF?? F???      00173         goto    Loop4         ; 31
0001B6 0000           00174         nop        ; 32
                      00175 
                      00176 Loop5:  blank      ; 1   
0001B8 9281               M         bcf     PORTB, 1
                      00177         blank      ; 2   
0001BA 9281               M         bcf     PORTB, 1
                      00178         blank      ; 3   
0001BC 9281               M         bcf     PORTB, 1
                      00179         point      ; 4  * 
0001BE 8281               M         bsf     PORTB, 1
                      00180         blank      ; 5   
0001C0 9281               M         bcf     PORTB, 1
                      00181         blank      ; 6   
0001C2 9281               M         bcf     PORTB, 1
                      00182         blank      ; 7   
0001C4 9281               M         bcf     PORTB, 1
                      00183         point      ; 8  *
0001C6 8281               M         bsf     PORTB, 1
                      00184         blank      ; 9   
0001C8 9281               M         bcf     PORTB, 1
                      00185         blank      ; 10  
0001CA 9281               M         bcf     PORTB, 1
                      00186         blank      ; 11  
0001CC 9281               M         bcf     PORTB, 1
                      00187         blank      ; 12
0001CE 9281               M         bcf     PORTB, 1
                      00188         blank      ; 13  
0001D0 9281               M         bcf     PORTB, 1
                      00189         point      ; 14 *
0001D2 8281               M         bsf     PORTB, 1
                      00190         blank      ; 15  
0001D4 9281               M         bcf     PORTB, 1
                      00191         blank      ; 16  
0001D6 9281               M         bcf     PORTB, 1
                      00192         blank      ; 17 
MPASM 5.81                NEWASMTEMPLATE.ASM   1-5-2019  21:09:51         PAGE 11


LOC  OBJECT CODE     LINE SOURCE TEXT
  VALUE

0001D8 9281               M         bcf     PORTB, 1
                      00193         blank      ; 18  
0001DA 9281               M         bcf     PORTB, 1
                      00194         blank      ; 19  
0001DC 9281               M         bcf     PORTB, 1
                      00195         blank      ; 20  
0001DE 9281               M         bcf     PORTB, 1
                      00196         blank      ; 21  
0001E0 9281               M         bcf     PORTB, 1
                      00197         point      ; 22 *
0001E2 8281               M         bsf     PORTB, 1
                      00198         blank      ; 23 
0001E4 9281               M         bcf     PORTB, 1
                      00199         blank      ; 24  
0001E6 9281               M         bcf     PORTB, 1
                      00200         blank      ; 25  
0001E8 9281               M         bcf     PORTB, 1
                      00201         blank      ; 26  
0001EA 9281               M         bcf     PORTB, 1
                      00202 
                      00203         HSync      ; 27-29
0001EC 9681               M         bcf     PORTB, 3      ; horiz sync
0001EE 0000               M         nop
0001F0 8681               M         bsf     PORTB, 3      ; horiz sync
                      00204 
0001F2 2E15           00205         decfsz  LCount5       ; 30
0001F4 EF?? F???      00206         goto    Loop5         ; 31
0001F8 0000           00207         nop        ; 32
                      00208 
                      00209 Loop6:  blank      ; 1   
0001FA 9281               M         bcf     PORTB, 1
                      00210         blank      ; 2   
0001FC 9281               M         bcf     PORTB, 1
                      00211         blank      ; 3   
0001FE 9281               M         bcf     PORTB, 1
                      00212         point      ; 4  * 
000200 8281               M         bsf     PORTB, 1
                      00213         blank      ; 5   
000202 9281               M         bcf     PORTB, 1
                      00214         blank      ; 6   
000204 9281               M         bcf     PORTB, 1
                      00215         blank      ; 7   
000206 9281               M         bcf     PORTB, 1
                      00216         point      ; 8  *
000208 8281               M         bsf     PORTB, 1
                      00217         point      ; 9  *
00020A 8281               M         bsf     PORTB, 1
                      00218         point      ; 10 *
00020C 8281               M         bsf     PORTB, 1
                      00219         point      ; 11 *
00020E 8281               M         bsf     PORTB, 1
                      00220         point      ; 12 *
000210 8281               M         bsf     PORTB, 1
MPASM 5.81                NEWASMTEMPLATE.ASM   1-5-2019  21:09:51         PAGE 12


LOC  OBJECT CODE     LINE SOURCE TEXT
  VALUE

                      00221         blank      ; 13  
000212 9281               M         bcf     PORTB, 1
                      00222         blank      ; 14  
000214 9281               M         bcf     PORTB, 1
                      00223         point      ; 15 *
000216 8281               M         bsf     PORTB, 1
                      00224         point      ; 16 *
000218 8281               M         bsf     PORTB, 1
                      00225         point      ; 17 *
00021A 8281               M         bsf     PORTB, 1
                      00226         point      ; 18 *
00021C 8281               M         bsf     PORTB, 1
                      00227         blank      ; 19  
00021E 9281               M         bcf     PORTB, 1
                      00228         blank      ; 20  
000220 9281               M         bcf     PORTB, 1
                      00229         blank      ; 21  
000222 9281               M         bcf     PORTB, 1
                      00230         point      ; 22 *
000224 8281               M         bsf     PORTB, 1
                      00231         blank      ; 23 
000226 9281               M         bcf     PORTB, 1
                      00232         blank      ; 24  
000228 9281               M         bcf     PORTB, 1
                      00233         blank      ; 25  
00022A 9281               M         bcf     PORTB, 1
                      00234         blank      ; 26  
00022C 9281               M         bcf     PORTB, 1
                      00235 
                      00236         HSync      ; 27-29
00022E 9681               M         bcf     PORTB, 3      ; horiz sync
000230 0000               M         nop
000232 8681               M         bsf     PORTB, 3      ; horiz sync
                      00237         
000234 2E16           00238         decfsz  LCount6       ; 30
000236 EF?? F???      00239         goto    Loop6         ; 31
00023A 0000           00240         nop        ; 32
                      00241 
                      00242 
                      00139                               
00023C                00140 BlankLoopBot:                   ;now, the blank area at the bottom
                      00141         blank                   ; 1
00023C 9281               M         bcf     PORTB, 1
00023E 0000           00142         nop                     ; 2
000240 0000           00143         nop                     ; 3
000242 EC?? F???      00144         call    Delay10mkS      ; 4-13
000246 EC?? F???      00145         call    Delay10mkS      ; 14-23
                      00146         
00024A 0000           00147         nop                     ; 24
00024C 0000           00148         nop                     ; 25
00024E 0000           00149         nop                     ; 26
                      00150 
                      00151         HSync                   ; 27-29
MPASM 5.81                NEWASMTEMPLATE.ASM   1-5-2019  21:09:51         PAGE 13


LOC  OBJECT CODE     LINE SOURCE TEXT
  VALUE

000250 9681               M         bcf     PORTB, 3      ; horiz sync
000252 0000               M         nop
000254 8681               M         bsf     PORTB, 3      ; horiz sync
                      00152 
000256 2E0D           00153         decfsz  BotCount        ; 30
000258 EF?? F???      00154         goto    BlankLoopBot    ; 31
                      00155 
00025C EF?? F???      00156         goto    LoopV           ; 32 (207*32=6624)
                      00157 
000260                00158 Delay10mkS:
000260 0000           00159         nop
000262 0000           00160         nop
000264 0000           00161         nop
000266 0000           00162         nop
000268 0000           00163         nop
00026A 0000           00164         nop
00026C 0012           00165         return
                      00166 
                      00167         end
MPASM 5.81                NEWASMTEMPLATE.ASM   1-5-2019  21:09:51         PAGE 14


SYMBOL TABLE
  LABEL                             VALUE 

A                                 00000000
ABDEN                             00000000
ABDOVF                            00000007
ACCESS                            00000000
ACKDT                             00000005
ACKEN                             00000004
ACKSTAT                           00000006
ACQT0                             00000003
ACQT1                             00000004
ACQT2                             00000005
ADCON0                            00000FC2
ADCON1                            00000FC1
ADCON2                            00000FC0
ADCS0                             00000000
ADCS1                             00000001
ADCS2                             00000002
ADDEN                             00000003
ADEN                              00000003
ADFM                              00000007
ADIE                              00000006
ADIF                              00000006
ADIP                              00000006
ADMSK1                            00000001
ADMSK2                            00000002
ADMSK3                            00000003
ADMSK4                            00000004
ADMSK5                            00000005
ADON                              00000000
ADRES                             00000FC3
ADRESH                            00000FC4
ADRESL                            00000FC3
AN0                               00000000
AN1                               00000001
AN10                              00000001
AN11                              00000004
AN12                              00000000
AN2                               00000002
AN3                               00000003
AN4                               00000005
AN5                               00000000
AN6                               00000001
AN7                               00000002
AN8                               00000002
AN9                               00000003
BANKED                            00000001
BAUDCON                           00000FB8
BAUDCTL                           00000FB8
BCLIE                             00000003
BCLIF                             00000003
BCLIP                             00000003
BF                                00000000
BGST                              00000005
BOR                               00000000
MPASM 5.81                NEWASMTEMPLATE.ASM   1-5-2019  21:09:51         PAGE 15


SYMBOL TABLE
  LABEL                             VALUE 

BRG16                             00000003
BRGH                              00000002
BSR                               00000FE0
BlankLoopBot                      0000023C
BlankLoopTop                      0000004C
BotCount                          0000000D
C                                 00000000
C1INV                             00000004
C1OUT_CMCON                       00000006
C1OUT_PORTA                       00000004
C2INV                             00000005
C2OUT_CMCON                       00000007
C2OUT_PORTA                       00000005
CCP1                              00000002
CCP1CON                           00000FBD
CCP1IE                            00000002
CCP1IF                            00000002
CCP1IP                            00000002
CCP1M0                            00000000
CCP1M1                            00000001
CCP1M2                            00000002
CCP1M3                            00000003
CCP1X                             00000005
CCP1Y                             00000004
CCP2CON                           00000FBA
CCP2IE                            00000000
CCP2IF                            00000000
CCP2IP                            00000000
CCP2M0                            00000000
CCP2M1                            00000001
CCP2M2                            00000002
CCP2M3                            00000003
CCP2X                             00000005
CCP2Y                             00000004
CCP2_PORTB                        00000003
CCP2_PORTC                        00000001
CCPR1                             00000FBE
CCPR1H                            00000FBF
CCPR1L                            00000FBE
CCPR2                             00000FBB
CCPR2H                            00000FBC
CCPR2L                            00000FBB
CFGS                              00000006
CHS0                              00000002
CHS1                              00000003
CHS2                              00000004
CHS3                              00000005
CIS                               00000003
CK                                00000006
CKE                               00000006
CKP                               00000004
CLKI                              00000007
CLKO                              00000006
MPASM 5.81                NEWASMTEMPLATE.ASM   1-5-2019  21:09:51         PAGE 16


SYMBOL TABLE
  LABEL                             VALUE 

CM0                               00000000
CM1                               00000001
CM2                               00000002
CMCON                             00000FB4
CMIE                              00000006
CMIF                              00000006
CMIP                              00000006
CREN                              00000004
CS                                00000002
CSRC                              00000007
CVR0                              00000000
CVR1                              00000001
CVR2                              00000002
CVR3                              00000003
CVRCON                            00000FB5
CVREF                             00000002
CVREN                             00000007
CVROE                             00000006
CVRR                              00000005
CVRSS                             00000004
D                                 00000005
DC                                00000001
DC1B0                             00000004
DC1B1                             00000005
DC2B0                             00000004
DC2B1                             00000005
DDRA                              TRISA
DDRB                              TRISB
DDRC                              TRISC
DDRD                              TRISD
DDRE                              TRISE
DONE                              00000001
D_A                               00000005
D_NOT_A                           00000005
Delay10mkS                        00000260
ECCP1AS                           00000FB6
ECCP1DEL                          00000FB7
ECCPAS                            00000FB6
ECCPAS0                           00000004
ECCPAS1                           00000005
ECCPAS2                           00000006
ECCPASE                           00000007
EEADR                             00000FA9
EECON1                            00000FA6
EECON2                            00000FA7
EEDATA                            00000FA8
EEIE                              00000004
EEIF                              00000004
EEIP                              00000004
EEPGD                             00000007
FAST                              00000001
FERR                              00000002
FLT0                              00000000
MPASM 5.81                NEWASMTEMPLATE.ASM   1-5-2019  21:09:51         PAGE 17


SYMBOL TABLE
  LABEL                             VALUE 

FLTS                              00000002
FREE                              00000004
FSR0                              00000000
FSR0H                             00000FEA
FSR0L                             00000FE9
FSR1                              00000001
FSR1H                             00000FE2
FSR1L                             00000FE1
FSR2                              00000002
FSR2H                             00000FDA
FSR2L                             00000FD9
GCEN                              00000007
GIE                               00000007
GIEH                              00000007
GIEL                              00000006
GIE_GIEH                          00000007
GO                                00000001
GO_DONE                           00000001
GO_NOT_DONE                       00000001
HLVDCON                           00000FD2
HLVDEN                            00000004
HLVDIE                            00000002
HLVDIF                            00000002
HLVDIN                            00000005
HLVDIP                            00000002
HLVDL0                            00000000
HLVDL1                            00000001
HLVDL2                            00000002
HLVDL3                            00000003
HSync                             
IBF                               00000007
IBOV                              00000005
IDLEN                             00000007
INDF0                             00000FEF
INDF1                             00000FE7
INDF2                             00000FDF
INT0                              00000000
INT0E                             00000004
INT0F                             00000001
INT0IE                            00000004
INT0IF                            00000001
INT1                              00000001
INT1E                             00000003
INT1F                             00000000
INT1IE                            00000003
INT1IF                            00000000
INT1IP                            00000006
INT1P                             00000006
INT2                              00000002
INT2E                             00000004
INT2F                             00000001
INT2IE                            00000004
INT2IF                            00000001
MPASM 5.81                NEWASMTEMPLATE.ASM   1-5-2019  21:09:51         PAGE 18


SYMBOL TABLE
  LABEL                             VALUE 

INT2IP                            00000007
INT2P                             00000007
INTCON                            00000FF2
INTCON2                           00000FF1
INTCON3                           00000FF0
INTEDG0                           00000006
INTEDG1                           00000005
INTEDG2                           00000004
INTSRC                            00000007
IOFS                              00000002
IPEN                              00000007
IPR1                              00000F9F
IPR2                              00000FA2
IRCF0                             00000004
IRCF1                             00000005
IRCF2                             00000006
IRVST                             00000005
IVRST                             00000005
KBI0                              00000004
KBI1                              00000005
KBI2                              00000006
KBI3                              00000007
LATA                              00000F89
LATA0                             00000000
LATA1                             00000001
LATA2                             00000002
LATA3                             00000003
LATA4                             00000004
LATA5                             00000005
LATA6                             00000006
LATA7                             00000007
LATB                              00000F8A
LATB0                             00000000
LATB1                             00000001
LATB2                             00000002
LATB3                             00000003
LATB4                             00000004
LATB5                             00000005
LATB6                             00000006
LATB7                             00000007
LATC                              00000F8B
LATC0                             00000000
LATC1                             00000001
LATC2                             00000002
LATC3                             00000003
LATC4                             00000004
LATC5                             00000005
LATC6                             00000006
LATC7                             00000007
LATD                              00000F8C
LATD0                             00000000
LATD1                             00000001
LATD2                             00000002
MPASM 5.81                NEWASMTEMPLATE.ASM   1-5-2019  21:09:51         PAGE 19


SYMBOL TABLE
  LABEL                             VALUE 

LATD3                             00000003
LATD4                             00000004
LATD5                             00000005
LATD6                             00000006
LATD7                             00000007
LATE                              00000F8D
LATE0                             00000000
LATE1                             00000001
LATE2                             00000002
LCount0                           00000010
LCount1                           00000011
LCount2                           00000012
LCount3                           00000013
LCount4                           00000014
LCount5                           00000015
LCount6                           00000016
LVDCON                            00000FD2
LVDEN                             00000004
LVDIE                             00000002
LVDIF                             00000002
LVDIN                             00000005
LVDIP                             00000002
LVDL0                             00000000
LVDL1                             00000001
LVDL2                             00000002
LVDL3                             00000003
LVV0                              00000000
LVV1                              00000001
LVV2                              00000002
LVV3                              00000003
Loop0                             0000006E
Loop1                             000000B0
Loop2                             000000F2
Loop3                             00000134
Loop4                             00000176
Loop5                             000001B8
Loop6                             000001FA
LoopV                             00000026
MCLR                              00000003
N                                 00000004
NOT_A                             00000005
NOT_ADDRESS                       00000005
NOT_BOR                           00000000
NOT_CS                            00000002
NOT_DONE                          00000001
NOT_MCLR                          00000003
NOT_PD                            00000002
NOT_POR                           00000001
NOT_RBPU                          00000007
NOT_RD                            00000000
NOT_RI                            00000004
NOT_SS                            00000005
NOT_T1SYNC                        00000002
MPASM 5.81                NEWASMTEMPLATE.ASM   1-5-2019  21:09:51         PAGE 20


SYMBOL TABLE
  LABEL                             VALUE 

NOT_T3SYNC                        00000002
NOT_TO                            00000003
NOT_W                             00000002
NOT_WR                            00000001
NOT_WRITE                         00000002
OBF                               00000006
OERR                              00000001
OSC1                              00000007
OSC2                              00000006
OSCCON                            00000FD3
OSCFIE                            00000007
OSCFIF                            00000007
OSCFIP                            00000007
OSCTUNE                           00000F9B
OSTS                              00000003
OV                                00000003
P                                 00000004
P1A                               00000002
P1B                               00000005
P1C                               00000006
P1D                               00000007
P1M0                              00000006
P1M1                              00000007
PC                                00000FF9
PCFG0                             00000000
PCFG1                             00000001
PCFG2                             00000002
PCFG3                             00000003
PCL                               00000FF9
PCLATH                            00000FFA
PCLATU                            00000FFB
PD                                00000002
PDC0                              00000000
PDC1                              00000001
PDC2                              00000002
PDC3                              00000003
PDC4                              00000004
PDC5                              00000005
PDC6                              00000006
PEIE                              00000006
PEIE_GIEL                         00000006
PEN                               00000002
PGC                               00000006
PGD                               00000007
PGM                               00000005
PIE1                              00000F9D
PIE2                              00000FA0
PIR1                              00000F9E
PIR2                              00000FA1
PLLEN                             00000006
PLUSW0                            00000FEB
PLUSW1                            00000FE3
PLUSW2                            00000FDB
MPASM 5.81                NEWASMTEMPLATE.ASM   1-5-2019  21:09:51         PAGE 21


SYMBOL TABLE
  LABEL                             VALUE 

POR                               00000001
PORTA                             00000F80
PORTB                             00000F81
PORTC                             00000F82
PORTD                             00000F83
PORTE                             00000F84
POSTDEC0                          00000FED
POSTDEC1                          00000FE5
POSTDEC2                          00000FDD
POSTINC0                          00000FEE
POSTINC1                          00000FE6
POSTINC2                          00000FDE
PR2                               00000FCB
PREINC0                           00000FEC
PREINC1                           00000FE4
PREINC2                           00000FDC
PROD                              00000FF3
PRODH                             00000FF4
PRODL                             00000FF3
PRSEN                             00000007
PSA                               00000003
PSP0                              00000000
PSP1                              00000001
PSP2                              00000002
PSP3                              00000003
PSP4                              00000004
PSP5                              00000005
PSP6                              00000006
PSP7                              00000007
PSPIE                             00000007
PSPIF                             00000007
PSPIP                             00000007
PSPMODE                           00000004
PSSAC0                            00000002
PSSAC1                            00000003
PSSBD0                            00000000
PSSBD1                            00000001
PWM1CON                           00000FB7
R                                 00000002
RA0                               00000000
RA1                               00000001
RA2                               00000002
RA3                               00000003
RA4                               00000004
RA5                               00000005
RA6                               00000006
RA7                               00000007
RB0                               00000000
RB1                               00000001
RB2                               00000002
RB3                               00000003
RB4                               00000004
RB5                               00000005
MPASM 5.81                NEWASMTEMPLATE.ASM   1-5-2019  21:09:51         PAGE 22


SYMBOL TABLE
  LABEL                             VALUE 

RB6                               00000006
RB7                               00000007
RBIE                              00000003
RBIF                              00000000
RBIP                              00000000
RBPU                              00000007
RC0                               00000000
RC1                               00000001
RC2                               00000002
RC3                               00000003
RC4                               00000004
RC5                               00000005
RC6                               00000006
RC7                               00000007
RCEN                              00000003
RCIDL                             00000006
RCIE                              00000005
RCIF                              00000005
RCIP                              00000005
RCMT                              00000006
RCON                              00000FD0
RCREG                             00000FAE
RCSTA                             00000FAB
RD                                00000000
RD0                               00000000
RD1                               00000001
RD16                              00000007
RD2                               00000002
RD3                               00000003
RD4                               00000004
RD5                               00000005
RD6                               00000006
RD7                               00000007
RE0                               00000000
RE1                               00000001
RE2                               00000002
RE3                               00000003
RI                                00000004
RSEN                              00000001
RX                                00000007
RX9                               00000006
RX9D                              00000000
RXDTP                             00000005
R_NOT_W                           00000002
R_W                               00000002
S                                 00000003
SBOREN                            00000006
SCK                               00000003
SCKP                              00000004
SCL                               00000003
SCS0                              00000000
SCS1                              00000001
SDA                               00000004
MPASM 5.81                NEWASMTEMPLATE.ASM   1-5-2019  21:09:51         PAGE 23


SYMBOL TABLE
  LABEL                             VALUE 

SDI                               00000004
SDO                               00000005
SEN                               00000000
SENDB                             00000003
SMP                               00000007
SP0                               00000000
SP1                               00000001
SP2                               00000002
SP3                               00000003
SP4                               00000004
SPBRG                             00000FAF
SPBRGH                            00000FB0
SPEN                              00000007
SREN                              00000005
SS                                00000005
SSPADD                            00000FC8
SSPBUF                            00000FC9
SSPCON1                           00000FC6
SSPCON2                           00000FC5
SSPEN                             00000005
SSPIE                             00000003
SSPIF                             00000003
SSPIP                             00000003
SSPM0                             00000000
SSPM1                             00000001
SSPM2                             00000002
SSPM3                             00000003
SSPOV                             00000006
SSPSTAT                           00000FC7
STATUS                            00000FD8
STKFUL                            00000007
STKOVF                            00000007
STKPTR                            00000FFC
STKUNF                            00000006
SWDTE                             00000000
SWDTEN                            00000000
SYNC                              00000004
Start                             00000020
T016BIT                           00000006
T08BIT                            00000006
T0CKI                             00000004
T0CON                             00000FD5
T0CS                              00000005
T0IE                              00000005
T0IF                              00000002
T0PS0                             00000000
T0PS1                             00000001
T0PS2                             00000002
T0PS3                             00000003
T0SE                              00000004
T13CKI                            00000000
T1CKI                             00000000
T1CKPS0                           00000004
MPASM 5.81                NEWASMTEMPLATE.ASM   1-5-2019  21:09:51         PAGE 24


SYMBOL TABLE
  LABEL                             VALUE 

T1CKPS1                           00000005
T1CON                             00000FCD
T1OSCEN                           00000003
T1OSI                             00000001
T1OSO                             00000000
T1RUN                             00000006
T1SYNC                            00000002
T2CKPS0                           00000000
T2CKPS1                           00000001
T2CON                             00000FCA
T2OUTPS0                          00000003
T2OUTPS1                          00000004
T2OUTPS2                          00000005
T2OUTPS3                          00000006
T3CCP1                            00000003
T3CCP2                            00000006
T3CKPS0                           00000004
T3CKPS1                           00000005
T3CON                             00000FB1
T3SYNC                            00000002
TABLAT                            00000FF5
TBLPTR                            00000FF6
TBLPTRH                           00000FF7
TBLPTRL                           00000FF6
TBLPTRU                           00000FF8
TMR0                              00000FD6
TMR0H                             00000FD7
TMR0IE                            00000005
TMR0IF                            00000002
TMR0IP                            00000002
TMR0L                             00000FD6
TMR0ON                            00000007
TMR1                              00000FCE
TMR1CS                            00000001
TMR1H                             00000FCF
TMR1IE                            00000000
TMR1IF                            00000000
TMR1IP                            00000000
TMR1L                             00000FCE
TMR1ON                            00000000
TMR2                              00000FCC
TMR2IE                            00000001
TMR2IF                            00000001
TMR2IP                            00000001
TMR2ON                            00000002
TMR3                              00000FB2
TMR3CS                            00000001
TMR3H                             00000FB3
TMR3IE                            00000001
TMR3IF                            00000001
TMR3IP                            00000001
TMR3L                             00000FB2
TMR3ON                            00000000
MPASM 5.81                NEWASMTEMPLATE.ASM   1-5-2019  21:09:51         PAGE 25


SYMBOL TABLE
  LABEL                             VALUE 

TO                                00000003
TOS                               00000FFD
TOSH                              00000FFE
TOSL                              00000FFD
TOSU                              00000FFF
TOUTPS0                           00000003
TOUTPS1                           00000004
TOUTPS2                           00000005
TOUTPS3                           00000006
TRISA                             00000F92
TRISA0                            00000000
TRISA1                            00000001
TRISA2                            00000002
TRISA3                            00000003
TRISA4                            00000004
TRISA5                            00000005
TRISA6                            00000006
TRISA7                            00000007
TRISB                             00000F93
TRISB0                            00000000
TRISB1                            00000001
TRISB2                            00000002
TRISB3                            00000003
TRISB4                            00000004
TRISB5                            00000005
TRISB6                            00000006
TRISB7                            00000007
TRISC                             00000F94
TRISC0                            00000000
TRISC1                            00000001
TRISC2                            00000002
TRISC3                            00000003
TRISC4                            00000004
TRISC5                            00000005
TRISC6                            00000006
TRISC7                            00000007
TRISD                             00000F95
TRISD0                            00000000
TRISD1                            00000001
TRISD2                            00000002
TRISD3                            00000003
TRISD4                            00000004
TRISD5                            00000005
TRISD6                            00000006
TRISD7                            00000007
TRISE                             00000F96
TRISE0                            00000000
TRISE1                            00000001
TRISE2                            00000002
TRMT                              00000001
TUN0                              00000000
TUN1                              00000001
TUN2                              00000002
MPASM 5.81                NEWASMTEMPLATE.ASM   1-5-2019  21:09:51         PAGE 26


SYMBOL TABLE
  LABEL                             VALUE 

TUN3                              00000003
TUN4                              00000004
TX                                00000006
TX9                               00000006
TX9D                              00000000
TXCKP                             00000004
TXEN                              00000005
TXIE                              00000004
TXIF                              00000004
TXIP                              00000004
TXREG                             00000FAD
TXSTA                             00000FAC
TopCount                          0000000C
UA                                00000001
VCFG0                             00000004
VCFG1                             00000005
VDIRMAG                           00000007
VPP                               00000003
VREFN                             00000002
VREFP                             00000003
VSync                             
W                                 00000000
WCOL                              00000007
WDTCON                            00000FD1
WR                                00000001
WREG                              00000FE8
WREN                              00000002
WRERR                             00000003
WUE                               00000001
Z                                 00000002
_BOREN_NOSLP_2L                   000000FD
_BOREN_OFF_2L                     000000F9
_BOREN_ON_2L                      000000FB
_BOREN_SBORDIS_2L                 000000FF
_BORV_0_2L                        000000E7
_BORV_1_2L                        000000EF
_BORV_2_2L                        000000F7
_BORV_3_2L                        000000FF
_CCP2MX_PORTBE_3H                 000000FE
_CCP2MX_PORTC_3H                  000000FF
_CONFIG1H                         00300001
_CONFIG2H                         00300003
_CONFIG2L                         00300002
_CONFIG3H                         00300005
_CONFIG4L                         00300006
_CONFIG5H                         00300009
_CONFIG5L                         00300008
_CONFIG6H                         0030000B
_CONFIG6L                         0030000A
_CONFIG7H                         0030000D
_CONFIG7L                         0030000C
_CP0_OFF_5L                       000000FF
_CP0_ON_5L                        000000FE
MPASM 5.81                NEWASMTEMPLATE.ASM   1-5-2019  21:09:51         PAGE 27


SYMBOL TABLE
  LABEL                             VALUE 

_CP1_OFF_5L                       000000FF
_CP1_ON_5L                        000000FD
_CP2_OFF_5L                       000000FF
_CP2_ON_5L                        000000FB
_CP3_OFF_5L                       000000FF
_CP3_ON_5L                        000000F7
_CPB_OFF_5H                       000000FF
_CPB_ON_5H                        000000BF
_CPD_OFF_5H                       000000FF
_CPD_ON_5H                        0000007F
_DEBUG_OFF_4L                     000000FF
_DEBUG_ON_4L                      0000007F
_DEVID1                           003FFFFE
_DEVID2                           003FFFFF
_EBTR0_OFF_7L                     000000FF
_EBTR0_ON_7L                      000000FE
_EBTR1_OFF_7L                     000000FF
_EBTR1_ON_7L                      000000FD
_EBTR2_OFF_7L                     000000FF
_EBTR2_ON_7L                      000000FB
_EBTR3_OFF_7L                     000000FF
_EBTR3_ON_7L                      000000F7
_EBTRB_OFF_7H                     000000FF
_EBTRB_ON_7H                      000000BF
_FCMEN_OFF_1H                     000000BF
_FCMEN_ON_1H                      000000FF
_IDLOC0                           00200000
_IDLOC1                           00200001
_IDLOC2                           00200002
_IDLOC3                           00200003
_IDLOC4                           00200004
_IDLOC5                           00200005
_IDLOC6                           00200006
_IDLOC7                           00200007
_IESO_OFF_1H                      0000007F
_IESO_ON_1H                       000000FF
_LPT1OSC_OFF_3H                   000000FB
_LPT1OSC_ON_3H                    000000FF
_LVP_OFF_4L                       000000FB
_LVP_ON_4L                        000000FF
_MCLRE_OFF_3H                     0000007F
_MCLRE_ON_3H                      000000FF
_OSC_ECIO6_1H                     000000F5
_OSC_EC_1H                        000000F4
_OSC_HSPLL_1H                     000000F6
_OSC_HS_1H                        000000F2
_OSC_INTIO67_1H                   000000F8
_OSC_INTIO7_1H                    000000F9
_OSC_LP_1H                        000000F0
_OSC_RCIO6_1H                     000000F7
_OSC_RC_1H                        000000F3
_OSC_XT_1H                        000000F1
_PBADEN_OFF_3H                    000000FD
MPASM 5.81                NEWASMTEMPLATE.ASM   1-5-2019  21:09:51         PAGE 28


SYMBOL TABLE
  LABEL                             VALUE 

_PBADEN_ON_3H                     000000FF
_PWRT_OFF_2L                      000000FF
_PWRT_ON_2L                       000000FE
_STVREN_OFF_4L                    000000FE
_STVREN_ON_4L                     000000FF
_WDTPS_1024_2H                    000000F5
_WDTPS_128_2H                     000000EF
_WDTPS_16384_2H                   000000FD
_WDTPS_16_2H                      000000E9
_WDTPS_1_2H                       000000E1
_WDTPS_2048_2H                    000000F7
_WDTPS_256_2H                     000000F1
_WDTPS_2_2H                       000000E3
_WDTPS_32768_2H                   000000FF
_WDTPS_32_2H                      000000EB
_WDTPS_4096_2H                    000000F9
_WDTPS_4_2H                       000000E5
_WDTPS_512_2H                     000000F3
_WDTPS_64_2H                      000000ED
_WDTPS_8192_2H                    000000FB
_WDTPS_8_2H                       000000E7
_WDT_OFF_2H                       000000FE
_WDT_ON_2H                        000000FF
_WRT0_OFF_6L                      000000FF
_WRT0_ON_6L                       000000FE
_WRT1_OFF_6L                      000000FF
_WRT1_ON_6L                       000000FD
_WRT2_OFF_6L                      000000FF
_WRT2_ON_6L                       000000FB
_WRT3_OFF_6L                      000000FF
_WRT3_ON_6L                       000000F7
_WRTB_OFF_6H                      000000FF
_WRTB_ON_6H                       000000BF
_WRTC_OFF_6H                      000000FF
_WRTC_ON_6H                       000000DF
_WRTD_OFF_6H                      000000FF
_WRTD_ON_6H                       0000007F
_XINST_OFF_4L                     000000BF
_XINST_ON_4L                      000000FF
__18F4520                         00000001
__DEBUG                           
__MPLAB_DEBUGGER_PK3              1
blank                             
point                             

Errors   :     0
Warnings :     1 reported,     0 suppressed
Messages :     0 reported,     0 suppressed

