

Microchip Technology PIC18 LITE Macro Assembler V2.00 build -1524193055 
                                                                                               Thu Nov 29 17:21:30 2018

Microchip Technology Omniscient Code Generator v2.00 (Free mode) build 20180527130849
     1  0000                     
     2                           ; Version 2.00
     3                           ; Generated 27/05/2018 GMT
     4                           
     5                           ; 
     6                           ; Copyright © 2018, Microchip Technology Inc. and its subsidiaries ("Microchip")
     7                           ; All rights reserved.
     8                           ; 
     9                           ; This software is developed by Microchip Technology Inc. and its subsidiaries ("Microch
                                 ip").
    10                           ; 
    11                           ; Redistribution and use in source and binary forms, with or without modification, are
    12                           ; permitted provided that the following conditions are met:
    13                           ; 
    14                           ;     1. Redistributions of source code must retain the above copyright notice, this lis
                                 t of
    15                           ;        conditions and the following disclaimer.
    16                           ; 
    17                           ;     2. Redistributions in binary form must reproduce the above copyright notice, this 
                                 list
    18                           ;        of conditions and the following disclaimer in the documentation and/or other
    19                           ;        materials provided with the distribution.
    20                           ; 
    21                           ;     3. Microchip's name may not be used to endorse or promote products derived from th
                                 is
    22                           ;        software without specific prior written permission.
    23                           ; 
    24                           ; THIS SOFTWARE IS PROVIDED BY MICROCHIP "AS IS" AND ANY EXPRESS OR IMPLIED WARRANTIES,

    25                           ; INCLUDING, BUT NOT LIMITED TO, THE IMPLIED WARRANTIES OF MERCHANTABILITY AND FITNESS F
                                 OR
    26                           ; PURPOSE ARE DISCLAIMED.  IN NO EVENT SHALL MICROCHIP BE LIABLE FOR ANY DIRECT, INDIREC
                                 T,
    27                           ; INCIDENTAL, SPECIAL, EXEMPLARY, OR CONSEQUENTIAL DAMAGES (INCLUDING BUT NOT LIMITED TO
                                 
    28                           ; PROCUREMENT OF SUBSTITUTE GOODS OR SERVICES; LOSS OF USE, DATA OR PROFITS; OR BUSINESS
                                 
    29                           ; INTERRUPTION) HOWSOEVER CAUSED AND ON ANY THEORY OF LIABILITY, WHETHER IN CONTRACT, ST
                                 RICT
    30                           ; LIABILITY, OR TORT (INCLUDING NEGLIGENCE OR OTHERWISE) ARISING IN ANY WAY OUT OF THE U
                                 SE OF
    31                           ; THIS SOFTWARE, EVEN IF ADVISED OF THE POSSIBILITY OF SUCH DAMAGE.
    32                           ; 
    33                           
    34                           
    35                           ; 
    36                           ; Code-generator required, PIC18F4520 Definitions
    37                           ; 
    38  0000                     fsr0 equ 0FE9h
    39  0000                     fsr0h equ 0FEAh
    40  0000                     fsr0l equ 0FE9h
    41  0000                     fsr1 equ 0FE1h
    42  0000                     fsr1h equ 0FE2h
    43  0000                     fsr1l equ 0FE1h
    44  0000                     fsr2 equ 0FD9h
    45  0000                     fsr2h equ 0FDAh
    46  0000                     fsr2l equ 0FD9h
    47  0000                     indf0 equ 0FEFh
    48  0000                     indf1 equ 0FE7h
    49  0000                     indf2 equ 0FDFh
    50  0000                     intcon equ 0FF2h
    51  0000                     nvmcon equ 00h
    52  0000                     pcl equ 0FF9h
    53  0000                     pclath equ 0FFAh
    54  0000                     pclatu equ 0FFBh
    55  0000                     plusw0 equ 0FEBh
    56  0000                     plusw1 equ 0FE3h
    57  0000                     plusw2 equ 0FDBh
    58  0000                     postdec0 equ 0FEDh
    59  0000                     postdec1 equ 0FE5h
    60  0000                     postdec2 equ 0FDDh
    61  0000                     postinc0 equ 0FEEh
    62  0000                     postinc1 equ 0FE6h
    63  0000                     postinc2 equ 0FDEh
    64  0000                     preinc0 equ 0FECh
    65  0000                     preinc1 equ 0FE4h
    66  0000                     preinc2 equ 0FDCh
    67  0000                     prod equ 0FF3h
    68  0000                     prodh equ 0FF4h
    69  0000                     prodl equ 0FF3h
    70  0000                     status equ 0FD8h
    71  0000                     tablat equ 0FF5h
    72  0000                     tblptr equ 0FF6h
    73  0000                     tblptrh equ 0FF7h
    74  0000                     tblptrl equ 0FF6h
    75  0000                     tblptru equ 0FF8h
    76  0000                     tosl equ 0FFDh
    77  0000                     wreg equ 0FE8h
    78  0000                     
     2                           opt pagewidth 120
     3  0000                     byte0	macro	val
     4                           	(getbyte(val,0))
     5                           endm
     6  0000                     byte1	macro	val
     7                           	(getbyte(val,1))
     8                           endm
     9  0000                     byte2	macro	val
    10                           	(getbyte(val,2))
    11                           endm
    12  0000                     byte3	macro	val
    13                           	(getbyte(val,3))
    14                           endm
    15  0000                     byte4	macro	val
    16                           	(getbyte(val,4))
    17                           endm
    18  0000                     byte5	macro	val
    19                           	(getbyte(val,5))
    20                           endm
    21  0000                     byte6	macro	val
    22                           	(getbyte(val,6))
    23                           endm
    24  0000                     byte7	macro	val
    25                           	(getbyte(val,7))
    26                           endm
    27  0000                     getword	macro	val,pos
    28                           	(((val) >> (8 * pos)) and 0xffff)
    29                           endm
    30  0000                     word0	macro	val
    31                           	(getword(val,0))
    32                           endm
    33  0000                     word1	macro	val
    34                           	(getword(val,2))
    35                           endm
    36  0000                     word2	macro	val
    37                           	(getword(val,4))
    38                           endm
    39  0000                     word3	macro	val
    40                           	(getword(val,6))
    41                           endm
    42  0000                     gettword	macro	val,pos
    43                           	(((val) >> (8 * pos)) and 0xffffff)
    44                           endm
    45  0000                     tword0	macro	val
    46                           	(gettword(val,0))
    47                           endm
    48  0000                     tword1	macro	val
    49                           	(gettword(val,3))
    50                           endm
    51  0000                     tword2	macro	val
    52                           	(gettword(val,6))
    53                           endm
    54  0000                     getdword	macro	val,pos
    55                           	(((val) >> (8 * pos)) and 0xffffffff)
    56                           endm
    57  0000                     dword0	macro	val
    58                           	(getdword(val,0))
    59                           endm
    60  0000                     dword1	macro	val
    61                           	(getdword(val,4))
    62                           endm
    63  0000                     clrc   macro
    64                           	bcf	status,0
    65                           endm
    66  0000                     setc   macro
    67                           	bsf	status,0
    68                           endm
    69  0000                     clrz   macro
    70                           	bcf	status,2
    71                           endm
    72  0000                     setz   macro
    73                           	bsf	status,2
    74                           endm
    75  0000                     skipnz macro
    76                           	btfsc	status,2
    77                           endm
    78  0000                     skipz  macro
    79                           	btfss	status,2
    80                           endm
    81  0000                     skipnc macro
    82                           	btfsc	status,0
    83                           endm
    84  0000                     skipc  macro
    85                           	btfss	status,0
    86                           endm
    87  0000                     pushw macro
    88                           	movwf postinc1
    89                           endm
    90  0000                     pushf macro arg1
    91                           	movff arg1, postinc1
    92                           endm
    93  0000                     popw macro
    94                           	movf postdec1,f
    95                           	movf indf1,w
    96                           endm
    97  0000                     popf macro arg1
    98                           	movf postdec1,f
    99                           	movff indf1,arg1
   100                           endm
   101  0000                     popfc macro arg1
   102                           	movff plusw1,arg1
   103                           	decfsz fsr1,f
   104                           endm
   105  0000                     	global	__ramtop
   106                           	global	__accesstop
   107                           # 54 "C:\Program Files (x86)\Microchip\xc8\v2.00\pic\include\pic18f4520.h"
   108                           PORTA equ 0F80h ;# 
   109  0000                     # 273 "C:\Program Files (x86)\Microchip\xc8\v2.00\pic\include\pic18f4520.h"
   110                           PORTB equ 0F81h ;# 
   111  0000                     # 452 "C:\Program Files (x86)\Microchip\xc8\v2.00\pic\include\pic18f4520.h"
   112                           PORTC equ 0F82h ;# 
   113  0000                     # 634 "C:\Program Files (x86)\Microchip\xc8\v2.00\pic\include\pic18f4520.h"
   114                           PORTD equ 0F83h ;# 
   115  0000                     # 776 "C:\Program Files (x86)\Microchip\xc8\v2.00\pic\include\pic18f4520.h"
   116                           PORTE equ 0F84h ;# 
   117  0000                     # 979 "C:\Program Files (x86)\Microchip\xc8\v2.00\pic\include\pic18f4520.h"
   118                           LATA equ 0F89h ;# 
   119  0000                     # 1091 "C:\Program Files (x86)\Microchip\xc8\v2.00\pic\include\pic18f4520.h"
   120                           LATB equ 0F8Ah ;# 
   121  0000                     # 1203 "C:\Program Files (x86)\Microchip\xc8\v2.00\pic\include\pic18f4520.h"
   122                           LATC equ 0F8Bh ;# 
   123  0000                     # 1315 "C:\Program Files (x86)\Microchip\xc8\v2.00\pic\include\pic18f4520.h"
   124                           LATD equ 0F8Ch ;# 
   125  0000                     # 1427 "C:\Program Files (x86)\Microchip\xc8\v2.00\pic\include\pic18f4520.h"
   126                           LATE equ 0F8Dh ;# 
   127  0000                     # 1479 "C:\Program Files (x86)\Microchip\xc8\v2.00\pic\include\pic18f4520.h"
   128                           TRISA equ 0F92h ;# 
   129  0000                     # 1484 "C:\Program Files (x86)\Microchip\xc8\v2.00\pic\include\pic18f4520.h"
   130                           DDRA equ 0F92h ;# 
   131  0000                     # 1701 "C:\Program Files (x86)\Microchip\xc8\v2.00\pic\include\pic18f4520.h"
   132                           TRISB equ 0F93h ;# 
   133  0000                     # 1706 "C:\Program Files (x86)\Microchip\xc8\v2.00\pic\include\pic18f4520.h"
   134                           DDRB equ 0F93h ;# 
   135  0000                     # 1923 "C:\Program Files (x86)\Microchip\xc8\v2.00\pic\include\pic18f4520.h"
   136                           TRISC equ 0F94h ;# 
   137  0000                     # 1928 "C:\Program Files (x86)\Microchip\xc8\v2.00\pic\include\pic18f4520.h"
   138                           DDRC equ 0F94h ;# 
   139  0000                     # 2145 "C:\Program Files (x86)\Microchip\xc8\v2.00\pic\include\pic18f4520.h"
   140                           TRISD equ 0F95h ;# 
   141  0000                     # 2150 "C:\Program Files (x86)\Microchip\xc8\v2.00\pic\include\pic18f4520.h"
   142                           DDRD equ 0F95h ;# 
   143  0000                     # 2367 "C:\Program Files (x86)\Microchip\xc8\v2.00\pic\include\pic18f4520.h"
   144                           TRISE equ 0F96h ;# 
   145  0000                     # 2372 "C:\Program Files (x86)\Microchip\xc8\v2.00\pic\include\pic18f4520.h"
   146                           DDRE equ 0F96h ;# 
   147  0000                     # 2531 "C:\Program Files (x86)\Microchip\xc8\v2.00\pic\include\pic18f4520.h"
   148                           OSCTUNE equ 0F9Bh ;# 
   149  0000                     # 2596 "C:\Program Files (x86)\Microchip\xc8\v2.00\pic\include\pic18f4520.h"
   150                           PIE1 equ 0F9Dh ;# 
   151  0000                     # 2673 "C:\Program Files (x86)\Microchip\xc8\v2.00\pic\include\pic18f4520.h"
   152                           PIR1 equ 0F9Eh ;# 
   153  0000                     # 2750 "C:\Program Files (x86)\Microchip\xc8\v2.00\pic\include\pic18f4520.h"
   154                           IPR1 equ 0F9Fh ;# 
   155  0000                     # 2827 "C:\Program Files (x86)\Microchip\xc8\v2.00\pic\include\pic18f4520.h"
   156                           PIE2 equ 0FA0h ;# 
   157  0000                     # 2893 "C:\Program Files (x86)\Microchip\xc8\v2.00\pic\include\pic18f4520.h"
   158                           PIR2 equ 0FA1h ;# 
   159  0000                     # 2959 "C:\Program Files (x86)\Microchip\xc8\v2.00\pic\include\pic18f4520.h"
   160                           IPR2 equ 0FA2h ;# 
   161  0000                     # 3025 "C:\Program Files (x86)\Microchip\xc8\v2.00\pic\include\pic18f4520.h"
   162                           EECON1 equ 0FA6h ;# 
   163  0000                     # 3091 "C:\Program Files (x86)\Microchip\xc8\v2.00\pic\include\pic18f4520.h"
   164                           EECON2 equ 0FA7h ;# 
   165  0000                     # 3098 "C:\Program Files (x86)\Microchip\xc8\v2.00\pic\include\pic18f4520.h"
   166                           EEDATA equ 0FA8h ;# 
   167  0000                     # 3105 "C:\Program Files (x86)\Microchip\xc8\v2.00\pic\include\pic18f4520.h"
   168                           EEADR equ 0FA9h ;# 
   169  0000                     # 3112 "C:\Program Files (x86)\Microchip\xc8\v2.00\pic\include\pic18f4520.h"
   170                           RCSTA equ 0FABh ;# 
   171  0000                     # 3117 "C:\Program Files (x86)\Microchip\xc8\v2.00\pic\include\pic18f4520.h"
   172                           RCSTA1 equ 0FABh ;# 
   173  0000                     # 3322 "C:\Program Files (x86)\Microchip\xc8\v2.00\pic\include\pic18f4520.h"
   174                           TXSTA equ 0FACh ;# 
   175  0000                     # 3327 "C:\Program Files (x86)\Microchip\xc8\v2.00\pic\include\pic18f4520.h"
   176                           TXSTA1 equ 0FACh ;# 
   177  0000                     # 3578 "C:\Program Files (x86)\Microchip\xc8\v2.00\pic\include\pic18f4520.h"
   178                           TXREG equ 0FADh ;# 
   179  0000                     # 3583 "C:\Program Files (x86)\Microchip\xc8\v2.00\pic\include\pic18f4520.h"
   180                           TXREG1 equ 0FADh ;# 
   181  0000                     # 3590 "C:\Program Files (x86)\Microchip\xc8\v2.00\pic\include\pic18f4520.h"
   182                           RCREG equ 0FAEh ;# 
   183  0000                     # 3595 "C:\Program Files (x86)\Microchip\xc8\v2.00\pic\include\pic18f4520.h"
   184                           RCREG1 equ 0FAEh ;# 
   185  0000                     # 3602 "C:\Program Files (x86)\Microchip\xc8\v2.00\pic\include\pic18f4520.h"
   186                           SPBRG equ 0FAFh ;# 
   187  0000                     # 3607 "C:\Program Files (x86)\Microchip\xc8\v2.00\pic\include\pic18f4520.h"
   188                           SPBRG1 equ 0FAFh ;# 
   189  0000                     # 3614 "C:\Program Files (x86)\Microchip\xc8\v2.00\pic\include\pic18f4520.h"
   190                           SPBRGH equ 0FB0h ;# 
   191  0000                     # 3621 "C:\Program Files (x86)\Microchip\xc8\v2.00\pic\include\pic18f4520.h"
   192                           T3CON equ 0FB1h ;# 
   193  0000                     # 3733 "C:\Program Files (x86)\Microchip\xc8\v2.00\pic\include\pic18f4520.h"
   194                           TMR3 equ 0FB2h ;# 
   195  0000                     # 3740 "C:\Program Files (x86)\Microchip\xc8\v2.00\pic\include\pic18f4520.h"
   196                           TMR3L equ 0FB2h ;# 
   197  0000                     # 3747 "C:\Program Files (x86)\Microchip\xc8\v2.00\pic\include\pic18f4520.h"
   198                           TMR3H equ 0FB3h ;# 
   199  0000                     # 3754 "C:\Program Files (x86)\Microchip\xc8\v2.00\pic\include\pic18f4520.h"
   200                           CMCON equ 0FB4h ;# 
   201  0000                     # 3844 "C:\Program Files (x86)\Microchip\xc8\v2.00\pic\include\pic18f4520.h"
   202                           CVRCON equ 0FB5h ;# 
   203  0000                     # 3923 "C:\Program Files (x86)\Microchip\xc8\v2.00\pic\include\pic18f4520.h"
   204                           ECCP1AS equ 0FB6h ;# 
   205  0000                     # 3928 "C:\Program Files (x86)\Microchip\xc8\v2.00\pic\include\pic18f4520.h"
   206                           ECCPAS equ 0FB6h ;# 
   207  0000                     # 4085 "C:\Program Files (x86)\Microchip\xc8\v2.00\pic\include\pic18f4520.h"
   208                           PWM1CON equ 0FB7h ;# 
   209  0000                     # 4090 "C:\Program Files (x86)\Microchip\xc8\v2.00\pic\include\pic18f4520.h"
   210                           ECCP1DEL equ 0FB7h ;# 
   211  0000                     # 4223 "C:\Program Files (x86)\Microchip\xc8\v2.00\pic\include\pic18f4520.h"
   212                           BAUDCON equ 0FB8h ;# 
   213  0000                     # 4228 "C:\Program Files (x86)\Microchip\xc8\v2.00\pic\include\pic18f4520.h"
   214                           BAUDCTL equ 0FB8h ;# 
   215  0000                     # 4403 "C:\Program Files (x86)\Microchip\xc8\v2.00\pic\include\pic18f4520.h"
   216                           CCP2CON equ 0FBAh ;# 
   217  0000                     # 4482 "C:\Program Files (x86)\Microchip\xc8\v2.00\pic\include\pic18f4520.h"
   218                           CCPR2 equ 0FBBh ;# 
   219  0000                     # 4489 "C:\Program Files (x86)\Microchip\xc8\v2.00\pic\include\pic18f4520.h"
   220                           CCPR2L equ 0FBBh ;# 
   221  0000                     # 4496 "C:\Program Files (x86)\Microchip\xc8\v2.00\pic\include\pic18f4520.h"
   222                           CCPR2H equ 0FBCh ;# 
   223  0000                     # 4503 "C:\Program Files (x86)\Microchip\xc8\v2.00\pic\include\pic18f4520.h"
   224                           CCP1CON equ 0FBDh ;# 
   225  0000                     # 4600 "C:\Program Files (x86)\Microchip\xc8\v2.00\pic\include\pic18f4520.h"
   226                           CCPR1 equ 0FBEh ;# 
   227  0000                     # 4607 "C:\Program Files (x86)\Microchip\xc8\v2.00\pic\include\pic18f4520.h"
   228                           CCPR1L equ 0FBEh ;# 
   229  0000                     # 4614 "C:\Program Files (x86)\Microchip\xc8\v2.00\pic\include\pic18f4520.h"
   230                           CCPR1H equ 0FBFh ;# 
   231  0000                     # 4621 "C:\Program Files (x86)\Microchip\xc8\v2.00\pic\include\pic18f4520.h"
   232                           ADCON2 equ 0FC0h ;# 
   233  0000                     # 4692 "C:\Program Files (x86)\Microchip\xc8\v2.00\pic\include\pic18f4520.h"
   234                           ADCON1 equ 0FC1h ;# 
   235  0000                     # 4777 "C:\Program Files (x86)\Microchip\xc8\v2.00\pic\include\pic18f4520.h"
   236                           ADCON0 equ 0FC2h ;# 
   237  0000                     # 4896 "C:\Program Files (x86)\Microchip\xc8\v2.00\pic\include\pic18f4520.h"
   238                           ADRES equ 0FC3h ;# 
   239  0000                     # 4903 "C:\Program Files (x86)\Microchip\xc8\v2.00\pic\include\pic18f4520.h"
   240                           ADRESL equ 0FC3h ;# 
   241  0000                     # 4910 "C:\Program Files (x86)\Microchip\xc8\v2.00\pic\include\pic18f4520.h"
   242                           ADRESH equ 0FC4h ;# 
   243  0000                     # 4917 "C:\Program Files (x86)\Microchip\xc8\v2.00\pic\include\pic18f4520.h"
   244                           SSPCON2 equ 0FC5h ;# 
   245  0000                     # 5012 "C:\Program Files (x86)\Microchip\xc8\v2.00\pic\include\pic18f4520.h"
   246                           SSPCON1 equ 0FC6h ;# 
   247  0000                     # 5082 "C:\Program Files (x86)\Microchip\xc8\v2.00\pic\include\pic18f4520.h"
   248                           SSPSTAT equ 0FC7h ;# 
   249  0000                     # 5303 "C:\Program Files (x86)\Microchip\xc8\v2.00\pic\include\pic18f4520.h"
   250                           SSPADD equ 0FC8h ;# 
   251  0000                     # 5310 "C:\Program Files (x86)\Microchip\xc8\v2.00\pic\include\pic18f4520.h"
   252                           SSPBUF equ 0FC9h ;# 
   253  0000                     # 5317 "C:\Program Files (x86)\Microchip\xc8\v2.00\pic\include\pic18f4520.h"
   254                           T2CON equ 0FCAh ;# 
   255  0000                     # 5415 "C:\Program Files (x86)\Microchip\xc8\v2.00\pic\include\pic18f4520.h"
   256                           PR2 equ 0FCBh ;# 
   257  0000                     # 5420 "C:\Program Files (x86)\Microchip\xc8\v2.00\pic\include\pic18f4520.h"
   258                           MEMCON equ 0FCBh ;# 
   259  0000                     # 5525 "C:\Program Files (x86)\Microchip\xc8\v2.00\pic\include\pic18f4520.h"
   260                           TMR2 equ 0FCCh ;# 
   261  0000                     # 5532 "C:\Program Files (x86)\Microchip\xc8\v2.00\pic\include\pic18f4520.h"
   262                           T1CON equ 0FCDh ;# 
   263  0000                     # 5635 "C:\Program Files (x86)\Microchip\xc8\v2.00\pic\include\pic18f4520.h"
   264                           TMR1 equ 0FCEh ;# 
   265  0000                     # 5642 "C:\Program Files (x86)\Microchip\xc8\v2.00\pic\include\pic18f4520.h"
   266                           TMR1L equ 0FCEh ;# 
   267  0000                     # 5649 "C:\Program Files (x86)\Microchip\xc8\v2.00\pic\include\pic18f4520.h"
   268                           TMR1H equ 0FCFh ;# 
   269  0000                     # 5656 "C:\Program Files (x86)\Microchip\xc8\v2.00\pic\include\pic18f4520.h"
   270                           RCON equ 0FD0h ;# 
   271  0000                     # 5789 "C:\Program Files (x86)\Microchip\xc8\v2.00\pic\include\pic18f4520.h"
   272                           WDTCON equ 0FD1h ;# 
   273  0000                     # 5817 "C:\Program Files (x86)\Microchip\xc8\v2.00\pic\include\pic18f4520.h"
   274                           HLVDCON equ 0FD2h ;# 
   275  0000                     # 5822 "C:\Program Files (x86)\Microchip\xc8\v2.00\pic\include\pic18f4520.h"
   276                           LVDCON equ 0FD2h ;# 
   277  0000                     # 6087 "C:\Program Files (x86)\Microchip\xc8\v2.00\pic\include\pic18f4520.h"
   278                           OSCCON equ 0FD3h ;# 
   279  0000                     # 6170 "C:\Program Files (x86)\Microchip\xc8\v2.00\pic\include\pic18f4520.h"
   280                           T0CON equ 0FD5h ;# 
   281  0000                     # 6253 "C:\Program Files (x86)\Microchip\xc8\v2.00\pic\include\pic18f4520.h"
   282                           TMR0 equ 0FD6h ;# 
   283  0000                     # 6260 "C:\Program Files (x86)\Microchip\xc8\v2.00\pic\include\pic18f4520.h"
   284                           TMR0L equ 0FD6h ;# 
   285  0000                     # 6267 "C:\Program Files (x86)\Microchip\xc8\v2.00\pic\include\pic18f4520.h"
   286                           TMR0H equ 0FD7h ;# 
   287  0000                     # 6274 "C:\Program Files (x86)\Microchip\xc8\v2.00\pic\include\pic18f4520.h"
   288                           STATUS equ 0FD8h ;# 
   289  0000                     # 6345 "C:\Program Files (x86)\Microchip\xc8\v2.00\pic\include\pic18f4520.h"
   290                           FSR2 equ 0FD9h ;# 
   291  0000                     # 6352 "C:\Program Files (x86)\Microchip\xc8\v2.00\pic\include\pic18f4520.h"
   292                           FSR2L equ 0FD9h ;# 
   293  0000                     # 6359 "C:\Program Files (x86)\Microchip\xc8\v2.00\pic\include\pic18f4520.h"
   294                           FSR2H equ 0FDAh ;# 
   295  0000                     # 6366 "C:\Program Files (x86)\Microchip\xc8\v2.00\pic\include\pic18f4520.h"
   296                           PLUSW2 equ 0FDBh ;# 
   297  0000                     # 6373 "C:\Program Files (x86)\Microchip\xc8\v2.00\pic\include\pic18f4520.h"
   298                           PREINC2 equ 0FDCh ;# 
   299  0000                     # 6380 "C:\Program Files (x86)\Microchip\xc8\v2.00\pic\include\pic18f4520.h"
   300                           POSTDEC2 equ 0FDDh ;# 
   301  0000                     # 6387 "C:\Program Files (x86)\Microchip\xc8\v2.00\pic\include\pic18f4520.h"
   302                           POSTINC2 equ 0FDEh ;# 
   303  0000                     # 6394 "C:\Program Files (x86)\Microchip\xc8\v2.00\pic\include\pic18f4520.h"
   304                           INDF2 equ 0FDFh ;# 
   305  0000                     # 6401 "C:\Program Files (x86)\Microchip\xc8\v2.00\pic\include\pic18f4520.h"
   306                           BSR equ 0FE0h ;# 
   307  0000                     # 6408 "C:\Program Files (x86)\Microchip\xc8\v2.00\pic\include\pic18f4520.h"
   308                           FSR1 equ 0FE1h ;# 
   309  0000                     # 6415 "C:\Program Files (x86)\Microchip\xc8\v2.00\pic\include\pic18f4520.h"
   310                           FSR1L equ 0FE1h ;# 
   311  0000                     # 6422 "C:\Program Files (x86)\Microchip\xc8\v2.00\pic\include\pic18f4520.h"
   312                           FSR1H equ 0FE2h ;# 
   313  0000                     # 6429 "C:\Program Files (x86)\Microchip\xc8\v2.00\pic\include\pic18f4520.h"
   314                           PLUSW1 equ 0FE3h ;# 
   315  0000                     # 6436 "C:\Program Files (x86)\Microchip\xc8\v2.00\pic\include\pic18f4520.h"
   316                           PREINC1 equ 0FE4h ;# 
   317  0000                     # 6443 "C:\Program Files (x86)\Microchip\xc8\v2.00\pic\include\pic18f4520.h"
   318                           POSTDEC1 equ 0FE5h ;# 
   319  0000                     # 6450 "C:\Program Files (x86)\Microchip\xc8\v2.00\pic\include\pic18f4520.h"
   320                           POSTINC1 equ 0FE6h ;# 
   321  0000                     # 6457 "C:\Program Files (x86)\Microchip\xc8\v2.00\pic\include\pic18f4520.h"
   322                           INDF1 equ 0FE7h ;# 
   323  0000                     # 6464 "C:\Program Files (x86)\Microchip\xc8\v2.00\pic\include\pic18f4520.h"
   324                           WREG equ 0FE8h ;# 
   325  0000                     # 6476 "C:\Program Files (x86)\Microchip\xc8\v2.00\pic\include\pic18f4520.h"
   326                           FSR0 equ 0FE9h ;# 
   327  0000                     # 6483 "C:\Program Files (x86)\Microchip\xc8\v2.00\pic\include\pic18f4520.h"
   328                           FSR0L equ 0FE9h ;# 
   329  0000                     # 6490 "C:\Program Files (x86)\Microchip\xc8\v2.00\pic\include\pic18f4520.h"
   330                           FSR0H equ 0FEAh ;# 
   331  0000                     # 6497 "C:\Program Files (x86)\Microchip\xc8\v2.00\pic\include\pic18f4520.h"
   332                           PLUSW0 equ 0FEBh ;# 
   333  0000                     # 6504 "C:\Program Files (x86)\Microchip\xc8\v2.00\pic\include\pic18f4520.h"
   334                           PREINC0 equ 0FECh ;# 
   335  0000                     # 6511 "C:\Program Files (x86)\Microchip\xc8\v2.00\pic\include\pic18f4520.h"
   336                           POSTDEC0 equ 0FEDh ;# 
   337  0000                     # 6518 "C:\Program Files (x86)\Microchip\xc8\v2.00\pic\include\pic18f4520.h"
   338                           POSTINC0 equ 0FEEh ;# 
   339  0000                     # 6525 "C:\Program Files (x86)\Microchip\xc8\v2.00\pic\include\pic18f4520.h"
   340                           INDF0 equ 0FEFh ;# 
   341  0000                     # 6532 "C:\Program Files (x86)\Microchip\xc8\v2.00\pic\include\pic18f4520.h"
   342                           INTCON3 equ 0FF0h ;# 
   343  0000                     # 6624 "C:\Program Files (x86)\Microchip\xc8\v2.00\pic\include\pic18f4520.h"
   344                           INTCON2 equ 0FF1h ;# 
   345  0000                     # 6694 "C:\Program Files (x86)\Microchip\xc8\v2.00\pic\include\pic18f4520.h"
   346                           INTCON equ 0FF2h ;# 
   347  0000                     # 6811 "C:\Program Files (x86)\Microchip\xc8\v2.00\pic\include\pic18f4520.h"
   348                           PROD equ 0FF3h ;# 
   349  0000                     # 6818 "C:\Program Files (x86)\Microchip\xc8\v2.00\pic\include\pic18f4520.h"
   350                           PRODL equ 0FF3h ;# 
   351  0000                     # 6825 "C:\Program Files (x86)\Microchip\xc8\v2.00\pic\include\pic18f4520.h"
   352                           PRODH equ 0FF4h ;# 
   353  0000                     # 6832 "C:\Program Files (x86)\Microchip\xc8\v2.00\pic\include\pic18f4520.h"
   354                           TABLAT equ 0FF5h ;# 
   355  0000                     # 6841 "C:\Program Files (x86)\Microchip\xc8\v2.00\pic\include\pic18f4520.h"
   356                           TBLPTR equ 0FF6h ;# 
   357  0000                     # 6848 "C:\Program Files (x86)\Microchip\xc8\v2.00\pic\include\pic18f4520.h"
   358                           TBLPTRL equ 0FF6h ;# 
   359  0000                     # 6855 "C:\Program Files (x86)\Microchip\xc8\v2.00\pic\include\pic18f4520.h"
   360                           TBLPTRH equ 0FF7h ;# 
   361  0000                     # 6862 "C:\Program Files (x86)\Microchip\xc8\v2.00\pic\include\pic18f4520.h"
   362                           TBLPTRU equ 0FF8h ;# 
   363  0000                     # 6871 "C:\Program Files (x86)\Microchip\xc8\v2.00\pic\include\pic18f4520.h"
   364                           PCLAT equ 0FF9h ;# 
   365  0000                     # 6878 "C:\Program Files (x86)\Microchip\xc8\v2.00\pic\include\pic18f4520.h"
   366                           PC equ 0FF9h ;# 
   367  0000                     # 6885 "C:\Program Files (x86)\Microchip\xc8\v2.00\pic\include\pic18f4520.h"
   368                           PCL equ 0FF9h ;# 
   369  0000                     # 6892 "C:\Program Files (x86)\Microchip\xc8\v2.00\pic\include\pic18f4520.h"
   370                           PCLATH equ 0FFAh ;# 
   371  0000                     # 6899 "C:\Program Files (x86)\Microchip\xc8\v2.00\pic\include\pic18f4520.h"
   372                           PCLATU equ 0FFBh ;# 
   373  0000                     # 6906 "C:\Program Files (x86)\Microchip\xc8\v2.00\pic\include\pic18f4520.h"
   374                           STKPTR equ 0FFCh ;# 
   375  0000                     # 6980 "C:\Program Files (x86)\Microchip\xc8\v2.00\pic\include\pic18f4520.h"
   376                           TOS equ 0FFDh ;# 
   377  0000                     # 6987 "C:\Program Files (x86)\Microchip\xc8\v2.00\pic\include\pic18f4520.h"
   378                           TOSL equ 0FFDh ;# 
   379  0000                     # 6994 "C:\Program Files (x86)\Microchip\xc8\v2.00\pic\include\pic18f4520.h"
   380                           TOSH equ 0FFEh ;# 
   381  0000                     # 7001 "C:\Program Files (x86)\Microchip\xc8\v2.00\pic\include\pic18f4520.h"
   382                           TOSU equ 0FFFh ;# 
   383  0000                     	FNROOT	_main
   384                           	FNCALL	_tc_int,_LED0
   385                           	FNCALL	_tc_int,_LED1
   386                           	FNCALL	_tc_int,_LED2
   387                           	FNCALL	_tc_int,_LED3
   388                           	FNCALL	_tc_int,_turnoff
   389                           	FNCALL	intlevel2,_tc_int
   390                           	global	intlevel2
   391                           	FNROOT	intlevel2
   392                           	global	_count
   393                           	global	_LATDbits
   394                           _LATDbits	set	0xF8C
   395  0000                     	global	_LATD
   396                           _LATD	set	0xF8C
   397  0000                     	global	_TRISD
   398                           _TRISD	set	0xF95
   399  0000                     	global	_TMR2
   400                           _TMR2	set	0xFCC
   401  0000                     	global	_PR2
   402                           _PR2	set	0xFCB
   403  0000                     	global	_IPR1bits
   404                           _IPR1bits	set	0xF9F
   405  0000                     	global	_PIR1bits
   406                           _PIR1bits	set	0xF9E
   407  0000                     	global	_PIE1bits
   408                           _PIE1bits	set	0xF9D
   409  0000                     	global	_RCONbits
   410                           _RCONbits	set	0xFD0
   411  0000                     	global	_T2CON
   412                           _T2CON	set	0xFCA
   413  0000                     	global	_TMR2IF
   414                           _TMR2IF	set	0x7CF1
   415  0000                     	global	_TMR2IE
   416                           _TMR2IE	set	0x7CE9
   417  0000                     	global	_INTCONbits
   418                           _INTCONbits	set	0xFF2
   419  0000                     ; #config settings
   420                           global __CFG_OSC$INTIO67
   421                           __CFG_OSC$INTIO67 equ 0x0
   422  0000                     global __CFG_WDT$OFF
   423                           __CFG_WDT$OFF equ 0x0
   424  0000                     global __CFG_PBADEN$OFF
   425                           __CFG_PBADEN$OFF equ 0x0
   426  0000                     global __CFG_LVP$OFF
   427                           __CFG_LVP$OFF equ 0x0
   428  0000                     	file	"C:\Users\NIGHTK~1\AppData\Local\Temp\sdlk."
   429                           	line	#
   430                           psect	cinit,class=CODE,delta=1,reloc=2
   431                           global __pcinit
   432                           __pcinit:
   433  00010C                     global start_initialization
   434                           start_initialization:
   435  00010C                     
   436                           global __initialization
   437                           __initialization:
   438  00010C                     psect	bssCOMRAM,class=COMRAM,space=1,noexec
   439                           global __pbssCOMRAM
   440                           __pbssCOMRAM:
   441  000001                     	global	_count
   442                           _count:
   443  000001                            ds      2
   444  000001                     	file	"C:\Users\NIGHTK~1\AppData\Local\Temp\sdlk."
   445                           	line	#
   446                           psect	cinit
   447                           ; Clear objects allocated to COMRAM (2 bytes)
   448                           	global __pbssCOMRAM
   449                           clrf	(__pbssCOMRAM+1)&0xffh,c
   450  00010C  6A02               clrf	(__pbssCOMRAM+0)&0xffh,c
   451  00010E  6A01               psect cinit,class=CODE,delta=1
   452                           global end_of_initialization,__end_of__initialization
   453                           
   454                           ;End of C runtime variable initialization code
   455                           
   456                           end_of_initialization:
   457  000110                     __end_of__initialization:
   458  000110                     	bcf int$flags,0,c ;clear compiler interrupt flag (level 1)
   459  000110  9003               	bcf int$flags,1,c ;clear compiler interrupt flag (level 2)
   460  000112  9203               movlb 0
   461  000114  0100               goto _main	;jump to C main() function
   462  000116  EF75  F000         psect	cstackCOMRAM,class=COMRAM,space=1,noexec
   463                           global __pcstackCOMRAM
   464                           __pcstackCOMRAM:
   465  000000                     ?_LED0:	; 1 bytes @ 0x0
   466  000000                     ??_LED0:	; 1 bytes @ 0x0
   467  000000                     ?_LED1:	; 1 bytes @ 0x0
   468  000000                     ??_LED1:	; 1 bytes @ 0x0
   469  000000                     ?_LED2:	; 1 bytes @ 0x0
   470  000000                     ??_LED2:	; 1 bytes @ 0x0
   471  000000                     ?_LED3:	; 1 bytes @ 0x0
   472  000000                     ??_LED3:	; 1 bytes @ 0x0
   473  000000                     ?_turnoff:	; 1 bytes @ 0x0
   474  000000                     ??_turnoff:	; 1 bytes @ 0x0
   475  000000                     ?_main:	; 1 bytes @ 0x0
   476  000000                     ??_main:	; 1 bytes @ 0x0
   477  000000                     ?_tc_int:	; 1 bytes @ 0x0
   478  000000                     ??_tc_int:	; 1 bytes @ 0x0
   479  000000                     ;!
   480                           ;!Data Sizes:
   481                           ;!    Strings     0
   482                           ;!    Constant    0
   483                           ;!    Data        0
   484                           ;!    BSS         2
   485                           ;!    Persistent  0
   486                           ;!    Stack       0
   487                           ;!
   488                           ;!Auto Spaces:
   489                           ;!    Space          Size  Autos    Used
   490                           ;!    COMRAM          126      0       2
   491                           ;!    BANK0           128      0       0
   492                           ;!    BANK1           256      0       0
   493                           ;!    BANK2           256      0       0
   494                           ;!    BANK3           256      0       0
   495                           ;!    BANK4           256      0       0
   496                           ;!    BANK5           244      0       0
   497                           
   498                           ;!
   499                           ;!Pointer List with Targets:
   500                           ;!
   501                           ;!    None.
   502                           
   503                           
   504                           ;!
   505                           ;!Critical Paths under _main in COMRAM
   506                           ;!
   507                           ;!    None.
   508                           ;!
   509                           ;!Critical Paths under _tc_int in COMRAM
   510                           ;!
   511                           ;!    None.
   512                           ;!
   513                           ;!Critical Paths under _main in BANK0
   514                           ;!
   515                           ;!    None.
   516                           ;!
   517                           ;!Critical Paths under _tc_int in BANK0
   518                           ;!
   519                           ;!    None.
   520                           ;!
   521                           ;!Critical Paths under _main in BANK1
   522                           ;!
   523                           ;!    None.
   524                           ;!
   525                           ;!Critical Paths under _tc_int in BANK1
   526                           ;!
   527                           ;!    None.
   528                           ;!
   529                           ;!Critical Paths under _main in BANK2
   530                           ;!
   531                           ;!    None.
   532                           ;!
   533                           ;!Critical Paths under _tc_int in BANK2
   534                           ;!
   535                           ;!    None.
   536                           ;!
   537                           ;!Critical Paths under _main in BANK3
   538                           ;!
   539                           ;!    None.
   540                           ;!
   541                           ;!Critical Paths under _tc_int in BANK3
   542                           ;!
   543                           ;!    None.
   544                           ;!
   545                           ;!Critical Paths under _main in BANK4
   546                           ;!
   547                           ;!    None.
   548                           ;!
   549                           ;!Critical Paths under _tc_int in BANK4
   550                           ;!
   551                           ;!    None.
   552                           ;!
   553                           ;!Critical Paths under _main in BANK5
   554                           ;!
   555                           ;!    None.
   556                           ;!
   557                           ;!Critical Paths under _tc_int in BANK5
   558                           ;!
   559                           ;!    None.
   560                           
   561 ;;
   562 ;;Main: autosize = 0, tempsize = 0, incstack = 0, save=0
   563 ;;
   564                           
   565                           ;!
   566                           ;!Call Graph Tables:
   567                           ;!
   568                           ;! ---------------------------------------------------------------------------------
   569                           ;! (Depth) Function   	        Calls       Base Space   Used Autos Params    Refs
   570                           ;! ---------------------------------------------------------------------------------
   571                           ;! (0) _main                                                 0     0      0       0
   572                           ;! ---------------------------------------------------------------------------------
   573                           ;! Estimated maximum stack depth 0
   574                           ;! ---------------------------------------------------------------------------------
   575                           ;! (Depth) Function   	        Calls       Base Space   Used Autos Params    Refs
   576                           ;! ---------------------------------------------------------------------------------
   577                           ;! (1) _tc_int                                               0     0      0       0
   578                           ;!                               _LED0
   579                           ;!                               _LED1
   580                           ;!                               _LED2
   581                           ;!                               _LED3
   582                           ;!                            _turnoff
   583                           ;! ---------------------------------------------------------------------------------
   584                           ;! (2) _turnoff                                              0     0      0       0
   585                           ;! ---------------------------------------------------------------------------------
   586                           ;! (2) _LED3                                                 0     0      0       0
   587                           ;! ---------------------------------------------------------------------------------
   588                           ;! (2) _LED2                                                 0     0      0       0
   589                           ;! ---------------------------------------------------------------------------------
   590                           ;! (2) _LED1                                                 0     0      0       0
   591                           ;! ---------------------------------------------------------------------------------
   592                           ;! (2) _LED0                                                 0     0      0       0
   593                           ;! ---------------------------------------------------------------------------------
   594                           ;! Estimated maximum stack depth 2
   595                           ;! ---------------------------------------------------------------------------------
   596                           ;!
   597                           ;! Call Graph Graphs:
   598                           ;!
   599                           ;! _main (ROOT)
   600                           ;!
   601                           ;! _tc_int (ROOT)
   602                           ;!   _LED0
   603                           ;!   _LED1
   604                           ;!   _LED2
   605                           ;!   _LED3
   606                           ;!   _turnoff
   607                           ;!
   608                           
   609                           ;! Address spaces:
   610                           
   611                           ;!Name               Size   Autos  Total    Cost      Usage
   612                           ;!BIGRAM             5F3      0       0      16        0.0%
   613                           ;!EEDATA             100      0       0       0        0.0%
   614                           ;!BITBANK4           100      0       0      11        0.0%
   615                           ;!BANK4              100      0       0      12        0.0%
   616                           ;!BITBANK3           100      0       0       9        0.0%
   617                           ;!BANK3              100      0       0      10        0.0%
   618                           ;!BITBANK2           100      0       0       7        0.0%
   619                           ;!BANK2              100      0       0       8        0.0%
   620                           ;!BITBANK1           100      0       0       5        0.0%
   621                           ;!BANK1              100      0       0       6        0.0%
   622                           ;!BITBANK5            F4      0       0      15        0.0%
   623                           ;!BANK5               F4      0       0      13        0.0%
   624                           ;!BITBANK0            80      0       0       3        0.0%
   625                           ;!BANK0               80      0       0       4        0.0%
   626                           ;!BITCOMRAM           7E      0       0       0        0.0%
   627                           ;!COMRAM              7E      0       2       1        1.6%
   628                           ;!BITSFR_5             0      0       0     200        0.0%
   629                           ;!SFR_5                0      0       0     200        0.0%
   630                           ;!BITSFR_4             0      0       0     200        0.0%
   631                           ;!SFR_4                0      0       0     200        0.0%
   632                           ;!BITSFR_3             0      0       0     200        0.0%
   633                           ;!SFR_3                0      0       0     200        0.0%
   634                           ;!BITSFR_2             0      0       0     200        0.0%
   635                           ;!SFR_2                0      0       0     200        0.0%
   636                           ;!BITSFR_1             0      0       0     200        0.0%
   637                           ;!SFR_1                0      0       0     200        0.0%
   638                           ;!BITSFR               0      0       0     200        0.0%
   639                           ;!SFR                  0      0       0     200        0.0%
   640                           ;!STACK                0      0       0       2        0.0%
   641                           ;!NULL                 0      0       0       0        0.0%
   642                           ;!ABS                  0      0       2      14        0.0%
   643                           ;!DATA                 0      0       2      17        0.0%
   644                           ;!CODE                 0      0       0       0        0.0%
   645                           
   646                           	global	_main
   647                           
   648 ;; *************** function _main *****************
   649 ;; Defined at:
   650 ;;		line 12 in file "newmain.c"
   651 ;; Parameters:    Size  Location     Type
   652 ;;		None
   653 ;; Auto vars:     Size  Location     Type
   654 ;;		None
   655 ;; Return value:  Size  Location     Type
   656 ;;                  1    wreg      void 
   657 ;; Registers used:
   658 ;;		wreg, status,2
   659 ;; Tracked objects:
   660 ;;		On entry : 0/0
   661 ;;		On exit  : 0/0
   662 ;;		Unchanged: 0/0
   663 ;; Data sizes:     COMRAM   BANK0   BANK1   BANK2   BANK3   BANK4   BANK5
   664 ;;      Params:         0       0       0       0       0       0       0
   665 ;;      Locals:         0       0       0       0       0       0       0
   666 ;;      Temps:          0       0       0       0       0       0       0
   667 ;;      Totals:         0       0       0       0       0       0       0
   668 ;;Total ram usage:        0 bytes
   669 ;; Hardware stack levels required when called:    2
   670 ;; This function calls:
   671 ;;		Nothing
   672 ;; This function is called by:
   673 ;;		Startup code after reset
   674 ;; This function uses a non-reentrant model
   675 ;;
   676                           psect	text0,class=CODE,space=0,reloc=2,group=0
   677                           	file	"newmain.c"
   678                           	line	12
   679                           global __ptext0
   680                           __ptext0:
   681  0000EA                     psect	text0
   682                           	file	"newmain.c"
   683                           	line	12
   684                           	global	__size_of_main
   685                           	__size_of_main	equ	__end_of_main-_main
   686  0000                     	
   687                           _main:
   688  0000EA                     ;incstack = 0
   689                           	opt	stack 29
   690                           	line	13
   691                           	
   692                           l759:
   693  0000EA                     ;newmain.c: 13:     TRISD =0;
   694                           	movlw	low(0)
   695  0000EA  0E00               	movwf	((c:3989)),c	;volatile
   696  0000EC  6E95               	line	14
   697                           ;newmain.c: 14:     LATD =0;
   698                           	movlw	low(0)
   699  0000EE  0E00               	movwf	((c:3980)),c	;volatile
   700  0000F0  6E8C               	line	15
   701                           ;newmain.c: 15:     T2CON = 0x7f;
   702                           	movlw	low(07Fh)
   703  0000F2  0E7F               	movwf	((c:4042)),c	;volatile
   704  0000F4  6ECA               	line	16
   705                           	
   706                           l761:
   707  0000F6                     ;newmain.c: 16:     RCONbits.IPEN= 1;
   708                           	bsf	((c:4048)),c,7	;volatile
   709  0000F6  8ED0               	line	17
   710                           	
   711                           l763:
   712  0000F8                     ;newmain.c: 17:     PIE1bits.TMR2IE =1;
   713                           	bsf	((c:3997)),c,1	;volatile
   714  0000F8  829D               	line	18
   715                           	
   716                           l765:
   717  0000FA                     ;newmain.c: 18:     PIR1bits.TMR2IF =0;
   718                           	bcf	((c:3998)),c,1	;volatile
   719  0000FA  929E               	line	19
   720                           	
   721                           l767:
   722  0000FC                     ;newmain.c: 19:     IPR1bits.TMR2IP =1;
   723                           	bsf	((c:3999)),c,1	;volatile
   724  0000FC  829F               	line	20
   725                           	
   726                           l769:
   727  0000FE                     ;newmain.c: 20:     INTCONbits.GIE =1;
   728                           	bsf	((c:4082)),c,7	;volatile
   729  0000FE  8EF2               	line	21
   730                           ;newmain.c: 21:     PR2 = 0xf3;
   731                           	movlw	low(0F3h)
   732  000100  0EF3               	movwf	((c:4043)),c	;volatile
   733  000102  6ECB               	line	22
   734                           ;newmain.c: 22:     while(1);
   735                           	
   736                           l43:
   737  000104                     	
   738                           l44:
   739  000104                     	goto	l43
   740  000104  EF82  F000         	
   741                           l45:
   742  000108                     	line	24
   743                           ;newmain.c: 23:     return;
   744                           	
   745                           l46:
   746  000108                     	global	start
   747                           	goto	start
   748  000108  EF07  F000         	opt stack 0
   749                           GLOBAL	__end_of_main
   750                           	__end_of_main:
   751  00010C                     	signat	_main,89
   752                           	global	_tc_int
   753                           
   754 ;; *************** function _tc_int *****************
   755 ;; Defined at:
   756 ;;		line 26 in file "newmain.c"
   757 ;; Parameters:    Size  Location     Type
   758 ;;		None
   759 ;; Auto vars:     Size  Location     Type
   760 ;;		None
   761 ;; Return value:  Size  Location     Type
   762 ;;                  1    wreg      void 
   763 ;; Registers used:
   764 ;;		wreg, status,2, status,0, cstack
   765 ;; Tracked objects:
   766 ;;		On entry : 0/0
   767 ;;		On exit  : 0/0
   768 ;;		Unchanged: 0/0
   769 ;; Data sizes:     COMRAM   BANK0   BANK1   BANK2   BANK3   BANK4   BANK5
   770 ;;      Params:         0       0       0       0       0       0       0
   771 ;;      Locals:         0       0       0       0       0       0       0
   772 ;;      Temps:          0       0       0       0       0       0       0
   773 ;;      Totals:         0       0       0       0       0       0       0
   774 ;;Total ram usage:        0 bytes
   775 ;; Hardware stack levels used:    1
   776 ;; Hardware stack levels required when called:    1
   777 ;; This function calls:
   778 ;;		_LED0
   779 ;;		_LED1
   780 ;;		_LED2
   781 ;;		_LED3
   782 ;;		_turnoff
   783 ;; This function is called by:
   784 ;;		Interrupt level 2
   785 ;; This function uses a non-reentrant model
   786 ;;
   787                           psect	intcode,class=CODE,space=0,reloc=2
   788                           global __pintcode
   789                           __pintcode:
   790  000008                     psect	intcode
   791                           	file	"newmain.c"
   792                           	line	26
   793                           	global	__size_of_tc_int
   794                           	__size_of_tc_int	equ	__end_of_tc_int-_tc_int
   795  0000                     	
   796                           _tc_int:
   797  000008                     ;incstack = 0
   798                           	opt	stack 29
   799                           	bsf int$flags,1,c ;set compiler interrupt flag (level 2)
   800  000008  8203               	global	int_func
   801                           	call	int_func,f	;refresh shadow registers
   802  00000A  ED09  F000         psect	intcode_body,class=CODE,space=0,reloc=2
   803                           global __pintcode_body
   804                           __pintcode_body:
   805  000012                     int_func:
   806  000012                     
   807                           	pop	; remove dummy address from shadow register refresh
   808  000012  0006               	line	28
   809                           	
   810                           i2l771:
   811  000014                     ;newmain.c: 28:     if(TMR2IE && TMR2IF){
   812                           	btfss	c:(31977/8),(31977)&7	;volatile
   813  000014  A29D               	goto	i2u1_41
   814  000016  EF0F  F000         	goto	i2u1_40
   815  00001A  EF11  F000         i2u1_41:
   816  00001E                     	goto	i2l777
   817  00001E  EF1C  F000         i2u1_40:
   818  000022                     	
   819                           i2l773:
   820  000022                     	btfss	c:(31985/8),(31985)&7	;volatile
   821  000022  A29E               	goto	i2u2_41
   822  000024  EF16  F000         	goto	i2u2_40
   823  000028  EF18  F000         i2u2_41:
   824  00002C                     	goto	i2l777
   825  00002C  EF1C  F000         i2u2_40:
   826  000030                     	line	29
   827                           	
   828                           i2l775:
   829  000030                     ;newmain.c: 29:         count++;
   830                           	infsnz	((c:_count)),c	;volatile
   831  000030  4A01               	incf	((c:_count+1)),c	;volatile
   832  000032  2A02               	goto	i2l777
   833  000034  EF1C  F000         	line	30
   834                           ;newmain.c: 30:     }
   835                           	
   836                           i2l51:
   837  000038                     	line	31
   838                           	
   839                           i2l777:
   840  000038                     ;newmain.c: 31:     if(count == 8){
   841                           		movlw	8
   842  000038  0E08               	xorwf	((c:_count)),c,w	;volatile
   843  00003A  1801               iorwf	((c:_count+1)),c,w	;volatile
   844  00003C  1002               	btfss	status,2
   845  00003E  A4D8               	goto	i2u3_41
   846  000040  EF24  F000         	goto	i2u3_40
   847  000044  EF26  F000         
   848                           i2u3_41:
   849  000048                     	goto	i2l781
   850  000048  EF2A  F000         i2u3_40:
   851  00004C                     	line	32
   852                           	
   853                           i2l779:
   854  00004C                     ;newmain.c: 32:         LED0();
   855                           	call	_LED0	;wreg free
   856  00004C  EC96  F000         	goto	i2l781
   857  000050  EF2A  F000         	line	33
   858                           ;newmain.c: 33:     }
   859                           	
   860                           i2l52:
   861  000054                     	line	34
   862                           	
   863                           i2l781:
   864  000054                     ;newmain.c: 34:     if(count == 16){
   865                           		movlw	16
   866  000054  0E10               	xorwf	((c:_count)),c,w	;volatile
   867  000056  1801               iorwf	((c:_count+1)),c,w	;volatile
   868  000058  1002               	btfss	status,2
   869  00005A  A4D8               	goto	i2u4_41
   870  00005C  EF32  F000         	goto	i2u4_40
   871  000060  EF34  F000         
   872                           i2u4_41:
   873  000064                     	goto	i2l785
   874  000064  EF38  F000         i2u4_40:
   875  000068                     	line	35
   876                           	
   877                           i2l783:
   878  000068                     ;newmain.c: 35:         LED1();
   879                           	call	_LED1	;wreg free
   880  000068  EC94  F000         	goto	i2l785
   881  00006C  EF38  F000         	line	36
   882                           ;newmain.c: 36:     }
   883                           	
   884                           i2l53:
   885  000070                     	line	37
   886                           	
   887                           i2l785:
   888  000070                     ;newmain.c: 37:     if(count == 24){
   889                           		movlw	24
   890  000070  0E18               	xorwf	((c:_count)),c,w	;volatile
   891  000072  1801               iorwf	((c:_count+1)),c,w	;volatile
   892  000074  1002               	btfss	status,2
   893  000076  A4D8               	goto	i2u5_41
   894  000078  EF40  F000         	goto	i2u5_40
   895  00007C  EF42  F000         
   896                           i2u5_41:
   897  000080                     	goto	i2l789
   898  000080  EF46  F000         i2u5_40:
   899  000084                     	line	38
   900                           	
   901                           i2l787:
   902  000084                     ;newmain.c: 38:         LED2();
   903                           	call	_LED2	;wreg free
   904  000084  EC92  F000         	goto	i2l789
   905  000088  EF46  F000         	line	39
   906                           ;newmain.c: 39:     }
   907                           	
   908                           i2l54:
   909  00008C                     	line	40
   910                           	
   911                           i2l789:
   912  00008C                     ;newmain.c: 40:     if(count == 32){
   913                           		movlw	32
   914  00008C  0E20               	xorwf	((c:_count)),c,w	;volatile
   915  00008E  1801               iorwf	((c:_count+1)),c,w	;volatile
   916  000090  1002               	btfss	status,2
   917  000092  A4D8               	goto	i2u6_41
   918  000094  EF4E  F000         	goto	i2u6_40
   919  000098  EF50  F000         
   920                           i2u6_41:
   921  00009C                     	goto	i2l793
   922  00009C  EF54  F000         i2u6_40:
   923  0000A0                     	line	41
   924                           	
   925                           i2l791:
   926  0000A0                     ;newmain.c: 41:         LED3();
   927                           	call	_LED3	;wreg free
   928  0000A0  EC90  F000         	goto	i2l793
   929  0000A4  EF54  F000         	line	42
   930                           ;newmain.c: 42:     }
   931                           	
   932                           i2l55:
   933  0000A8                     	line	43
   934                           	
   935                           i2l793:
   936  0000A8                     ;newmain.c: 43:     if(count == 40){
   937                           		movlw	40
   938  0000A8  0E28               	xorwf	((c:_count)),c,w	;volatile
   939  0000AA  1801               iorwf	((c:_count+1)),c,w	;volatile
   940  0000AC  1002               	btfss	status,2
   941  0000AE  A4D8               	goto	i2u7_41
   942  0000B0  EF5C  F000         	goto	i2u7_40
   943  0000B4  EF5E  F000         
   944                           i2u7_41:
   945  0000B8                     	goto	i2l797
   946  0000B8  EF62  F000         i2u7_40:
   947  0000BC                     	line	44
   948                           	
   949                           i2l795:
   950  0000BC                     ;newmain.c: 44:         turnoff();
   951                           	call	_turnoff	;wreg free
   952  0000BC  EC8D  F000         	goto	i2l797
   953  0000C0  EF62  F000         	line	45
   954                           ;newmain.c: 45:     }
   955                           	
   956                           i2l56:
   957  0000C4                     	line	46
   958                           	
   959                           i2l797:
   960  0000C4                     ;newmain.c: 46:     if(count == 44){
   961                           		movlw	44
   962  0000C4  0E2C               	xorwf	((c:_count)),c,w	;volatile
   963  0000C6  1801               iorwf	((c:_count+1)),c,w	;volatile
   964  0000C8  1002               	btfss	status,2
   965  0000CA  A4D8               	goto	i2u8_41
   966  0000CC  EF6A  F000         	goto	i2u8_40
   967  0000D0  EF6C  F000         
   968                           i2u8_41:
   969  0000D4                     	goto	i2l57
   970  0000D4  EF70  F000         i2u8_40:
   971  0000D8                     	line	47
   972                           	
   973                           i2l799:
   974  0000D8                     ;newmain.c: 47:         count = 7;
   975                           	movlw	high(07h)
   976  0000D8  0E00               	movwf	((c:_count+1)),c	;volatile
   977  0000DA  6E02               	movlw	low(07h)
   978  0000DC  0E07               	movwf	((c:_count)),c	;volatile
   979  0000DE  6E01               	line	48
   980                           ;newmain.c: 48:     }
   981                           	
   982                           i2l57:
   983  0000E0                     	line	49
   984                           ;newmain.c: 49:     TMR2 = 0x00;
   985                           	movlw	low(0)
   986  0000E0  0E00               	movwf	((c:4044)),c	;volatile
   987  0000E2  6ECC               	line	50
   988                           	
   989                           i2l801:
   990  0000E4                     ;newmain.c: 50:     PIR1bits.TMR2IF =0;
   991                           	bcf	((c:3998)),c,1	;volatile
   992  0000E4  929E               	line	51
   993                           	
   994                           i2l58:
   995  0000E6                     	bcf int$flags,1,c ;clear compiler interrupt flag (level 2)
   996  0000E6  9203               	retfie f
   997  0000E8  0011               	opt stack 0
   998                           GLOBAL	__end_of_tc_int
   999                           	__end_of_tc_int:
  1000  0000EA                     	signat	_tc_int,89
  1001                           	global	_turnoff
  1002                           
  1003 ;; *************** function _turnoff *****************
  1004 ;; Defined at:
  1005 ;;		line 64 in file "newmain.c"
  1006 ;; Parameters:    Size  Location     Type
  1007 ;;		None
  1008 ;; Auto vars:     Size  Location     Type
  1009 ;;		None
  1010 ;; Return value:  Size  Location     Type
  1011 ;;                  1    wreg      void 
  1012 ;; Registers used:
  1013 ;;		wreg, status,2
  1014 ;; Tracked objects:
  1015 ;;		On entry : 0/0
  1016 ;;		On exit  : 0/0
  1017 ;;		Unchanged: 0/0
  1018 ;; Data sizes:     COMRAM   BANK0   BANK1   BANK2   BANK3   BANK4   BANK5
  1019 ;;      Params:         0       0       0       0       0       0       0
  1020 ;;      Locals:         0       0       0       0       0       0       0
  1021 ;;      Temps:          0       0       0       0       0       0       0
  1022 ;;      Totals:         0       0       0       0       0       0       0
  1023 ;;Total ram usage:        0 bytes
  1024 ;; Hardware stack levels used:    1
  1025 ;; This function calls:
  1026 ;;		Nothing
  1027 ;; This function is called by:
  1028 ;;		_tc_int
  1029 ;; This function uses a non-reentrant model
  1030 ;;
  1031                           psect	text2,class=CODE,space=0,reloc=2,group=0
  1032                           	line	64
  1033                           global __ptext2
  1034                           __ptext2:
  1035  00011A                     psect	text2
  1036                           	file	"newmain.c"
  1037                           	line	64
  1038                           	global	__size_of_turnoff
  1039                           	__size_of_turnoff	equ	__end_of_turnoff-_turnoff
  1040  0000                     	
  1041                           _turnoff:
  1042  00011A                     ;incstack = 0
  1043                           	opt	stack 29
  1044                           	line	65
  1045                           	
  1046                           i2l757:
  1047  00011A                     ;newmain.c: 65:     LATD = 0;
  1048                           	movlw	low(0)
  1049  00011A  0E00               	movwf	((c:3980)),c	;volatile
  1050  00011C  6E8C               	line	66
  1051                           	
  1052                           i2l73:
  1053  00011E                     	return	;funcret
  1054  00011E  0012               	opt stack 0
  1055                           GLOBAL	__end_of_turnoff
  1056                           	__end_of_turnoff:
  1057  000120                     	signat	_turnoff,89
  1058                           	global	_LED3
  1059                           
  1060 ;; *************** function _LED3 *****************
  1061 ;; Defined at:
  1062 ;;		line 61 in file "newmain.c"
  1063 ;; Parameters:    Size  Location     Type
  1064 ;;		None
  1065 ;; Auto vars:     Size  Location     Type
  1066 ;;		None
  1067 ;; Return value:  Size  Location     Type
  1068 ;;                  1    wreg      void 
  1069 ;; Registers used:
  1070 ;;		None
  1071 ;; Tracked objects:
  1072 ;;		On entry : 0/0
  1073 ;;		On exit  : 0/0
  1074 ;;		Unchanged: 0/0
  1075 ;; Data sizes:     COMRAM   BANK0   BANK1   BANK2   BANK3   BANK4   BANK5
  1076 ;;      Params:         0       0       0       0       0       0       0
  1077 ;;      Locals:         0       0       0       0       0       0       0
  1078 ;;      Temps:          0       0       0       0       0       0       0
  1079 ;;      Totals:         0       0       0       0       0       0       0
  1080 ;;Total ram usage:        0 bytes
  1081 ;; Hardware stack levels used:    1
  1082 ;; This function calls:
  1083 ;;		Nothing
  1084 ;; This function is called by:
  1085 ;;		_tc_int
  1086 ;; This function uses a non-reentrant model
  1087 ;;
  1088                           psect	text3,class=CODE,space=0,reloc=2,group=0
  1089                           	line	61
  1090                           global __ptext3
  1091                           __ptext3:
  1092  000120                     psect	text3
  1093                           	file	"newmain.c"
  1094                           	line	61
  1095                           	global	__size_of_LED3
  1096                           	__size_of_LED3	equ	__end_of_LED3-_LED3
  1097  0000                     	
  1098                           _LED3:
  1099  000120                     ;incstack = 0
  1100                           	opt	stack 29
  1101                           	line	62
  1102                           	
  1103                           i2l755:
  1104  000120                     ;newmain.c: 62:     LATDbits.LATD3 =1;
  1105                           	bsf	((c:3980)),c,3	;volatile
  1106  000120  868C               	line	63
  1107                           	
  1108                           i2l70:
  1109  000122                     	return	;funcret
  1110  000122  0012               	opt stack 0
  1111                           GLOBAL	__end_of_LED3
  1112                           	__end_of_LED3:
  1113  000124                     	signat	_LED3,89
  1114                           	global	_LED2
  1115                           
  1116 ;; *************** function _LED2 *****************
  1117 ;; Defined at:
  1118 ;;		line 58 in file "newmain.c"
  1119 ;; Parameters:    Size  Location     Type
  1120 ;;		None
  1121 ;; Auto vars:     Size  Location     Type
  1122 ;;		None
  1123 ;; Return value:  Size  Location     Type
  1124 ;;                  1    wreg      void 
  1125 ;; Registers used:
  1126 ;;		None
  1127 ;; Tracked objects:
  1128 ;;		On entry : 0/0
  1129 ;;		On exit  : 0/0
  1130 ;;		Unchanged: 0/0
  1131 ;; Data sizes:     COMRAM   BANK0   BANK1   BANK2   BANK3   BANK4   BANK5
  1132 ;;      Params:         0       0       0       0       0       0       0
  1133 ;;      Locals:         0       0       0       0       0       0       0
  1134 ;;      Temps:          0       0       0       0       0       0       0
  1135 ;;      Totals:         0       0       0       0       0       0       0
  1136 ;;Total ram usage:        0 bytes
  1137 ;; Hardware stack levels used:    1
  1138 ;; This function calls:
  1139 ;;		Nothing
  1140 ;; This function is called by:
  1141 ;;		_tc_int
  1142 ;; This function uses a non-reentrant model
  1143 ;;
  1144                           psect	text4,class=CODE,space=0,reloc=2,group=0
  1145                           	line	58
  1146                           global __ptext4
  1147                           __ptext4:
  1148  000124                     psect	text4
  1149                           	file	"newmain.c"
  1150                           	line	58
  1151                           	global	__size_of_LED2
  1152                           	__size_of_LED2	equ	__end_of_LED2-_LED2
  1153  0000                     	
  1154                           _LED2:
  1155  000124                     ;incstack = 0
  1156                           	opt	stack 29
  1157                           	line	59
  1158                           	
  1159                           i2l753:
  1160  000124                     ;newmain.c: 59:     LATDbits.LATD2 =1;
  1161                           	bsf	((c:3980)),c,2	;volatile
  1162  000124  848C               	line	60
  1163                           	
  1164                           i2l67:
  1165  000126                     	return	;funcret
  1166  000126  0012               	opt stack 0
  1167                           GLOBAL	__end_of_LED2
  1168                           	__end_of_LED2:
  1169  000128                     	signat	_LED2,89
  1170                           	global	_LED1
  1171                           
  1172 ;; *************** function _LED1 *****************
  1173 ;; Defined at:
  1174 ;;		line 55 in file "newmain.c"
  1175 ;; Parameters:    Size  Location     Type
  1176 ;;		None
  1177 ;; Auto vars:     Size  Location     Type
  1178 ;;		None
  1179 ;; Return value:  Size  Location     Type
  1180 ;;                  1    wreg      void 
  1181 ;; Registers used:
  1182 ;;		None
  1183 ;; Tracked objects:
  1184 ;;		On entry : 0/0
  1185 ;;		On exit  : 0/0
  1186 ;;		Unchanged: 0/0
  1187 ;; Data sizes:     COMRAM   BANK0   BANK1   BANK2   BANK3   BANK4   BANK5
  1188 ;;      Params:         0       0       0       0       0       0       0
  1189 ;;      Locals:         0       0       0       0       0       0       0
  1190 ;;      Temps:          0       0       0       0       0       0       0
  1191 ;;      Totals:         0       0       0       0       0       0       0
  1192 ;;Total ram usage:        0 bytes
  1193 ;; Hardware stack levels used:    1
  1194 ;; This function calls:
  1195 ;;		Nothing
  1196 ;; This function is called by:
  1197 ;;		_tc_int
  1198 ;; This function uses a non-reentrant model
  1199 ;;
  1200                           psect	text5,class=CODE,space=0,reloc=2,group=0
  1201                           	line	55
  1202                           global __ptext5
  1203                           __ptext5:
  1204  000128                     psect	text5
  1205                           	file	"newmain.c"
  1206                           	line	55
  1207                           	global	__size_of_LED1
  1208                           	__size_of_LED1	equ	__end_of_LED1-_LED1
  1209  0000                     	
  1210                           _LED1:
  1211  000128                     ;incstack = 0
  1212                           	opt	stack 29
  1213                           	line	56
  1214                           	
  1215                           i2l751:
  1216  000128                     ;newmain.c: 56:     LATDbits.LATD1 =1;
  1217                           	bsf	((c:3980)),c,1	;volatile
  1218  000128  828C               	line	57
  1219                           	
  1220                           i2l64:
  1221  00012A                     	return	;funcret
  1222  00012A  0012               	opt stack 0
  1223                           GLOBAL	__end_of_LED1
  1224                           	__end_of_LED1:
  1225  00012C                     	signat	_LED1,89
  1226                           	global	_LED0
  1227                           
  1228 ;; *************** function _LED0 *****************
  1229 ;; Defined at:
  1230 ;;		line 52 in file "newmain.c"
  1231 ;; Parameters:    Size  Location     Type
  1232 ;;		None
  1233 ;; Auto vars:     Size  Location     Type
  1234 ;;		None
  1235 ;; Return value:  Size  Location     Type
  1236 ;;                  1    wreg      void 
  1237 ;; Registers used:
  1238 ;;		None
  1239 ;; Tracked objects:
  1240 ;;		On entry : 0/0
  1241 ;;		On exit  : 0/0
  1242 ;;		Unchanged: 0/0
  1243 ;; Data sizes:     COMRAM   BANK0   BANK1   BANK2   BANK3   BANK4   BANK5
  1244 ;;      Params:         0       0       0       0       0       0       0
  1245 ;;      Locals:         0       0       0       0       0       0       0
  1246 ;;      Temps:          0       0       0       0       0       0       0
  1247 ;;      Totals:         0       0       0       0       0       0       0
  1248 ;;Total ram usage:        0 bytes
  1249 ;; Hardware stack levels used:    1
  1250 ;; This function calls:
  1251 ;;		Nothing
  1252 ;; This function is called by:
  1253 ;;		_tc_int
  1254 ;; This function uses a non-reentrant model
  1255 ;;
  1256                           psect	text6,class=CODE,space=0,reloc=2,group=0
  1257                           	line	52
  1258                           global __ptext6
  1259                           __ptext6:
  1260  00012C                     psect	text6
  1261                           	file	"newmain.c"
  1262                           	line	52
  1263                           	global	__size_of_LED0
  1264                           	__size_of_LED0	equ	__end_of_LED0-_LED0
  1265  0000                     	
  1266                           _LED0:
  1267  00012C                     ;incstack = 0
  1268                           	opt	stack 29
  1269                           	line	53
  1270                           	
  1271                           i2l749:
  1272  00012C                     ;newmain.c: 53:     LATDbits.LATD0 =1;
  1273                           	bsf	((c:3980)),c,0	;volatile
  1274  00012C  808C               	line	54
  1275                           	
  1276                           i2l61:
  1277  00012E                     	return	;funcret
  1278  00012E  0012               	opt stack 0
  1279                           GLOBAL	__end_of_LED0
  1280                           	__end_of_LED0:
  1281  000130                     	signat	_LED0,89
  1282                           	GLOBAL	__activetblptr
  1283                           __activetblptr	EQU	0
  1284  0000                     	psect	intsave_regs,class=BIGRAM,space=1,noexec
  1285                           	PSECT	rparam,class=COMRAM,space=1,noexec
  1286                           	GLOBAL	__Lrparam
  1287                           	FNCONF	rparam,??,?
  1288                           	GLOBAL	___rparam_used
  1289                           	___rparam_used EQU 1
  1290  0000                     	GLOBAL	___param_bank
  1291                           	___param_bank EQU 0
  1292  0000                     GLOBAL	__Lparam, __Hparam
  1293                           GLOBAL	__Lrparam, __Hrparam
  1294                           __Lparam	EQU	__Lrparam
  1295  0000                     __Hparam	EQU	__Hrparam
  1296  0000                            psect   temp,common,ovrld,class=COMRAM,space=1
  1297                           	global	btemp
  1298                           btemp:
  1299  000003                     	ds	1
  1300  000003                     	global	int$flags
  1301                           	int$flags	set btemp
  1302  0000                     	global	wtemp8
  1303                           	wtemp8 set btemp+1
  1304  0000                     	global	ttemp5
  1305                           	ttemp5 set btemp+1
  1306  0000                     	global	ttemp6
  1307                           	ttemp6 set btemp+4
  1308  0000                     	global	ttemp7
  1309                           	ttemp7 set btemp+8
  1310  0000                     	end


Data Sizes:
    Strings     0
    Constant    0
    Data        0
    BSS         2
    Persistent  0
    Stack       0

Auto Spaces:
    Space          Size  Autos    Used
    COMRAM          126      0       2
    BANK0           128      0       0
    BANK1           256      0       0
    BANK2           256      0       0
    BANK3           256      0       0
    BANK4           256      0       0
    BANK5           244      0       0

Pointer List with Targets:

    None.

Critical Paths under _main in COMRAM

    None.

Critical Paths under _tc_int in COMRAM

    None.

Critical Paths under _main in BANK0

    None.

Critical Paths under _tc_int in BANK0

    None.

Critical Paths under _main in BANK1

    None.

Critical Paths under _tc_int in BANK1

    None.

Critical Paths under _main in BANK2

    None.

Critical Paths under _tc_int in BANK2

    None.

Critical Paths under _main in BANK3

    None.

Critical Paths under _tc_int in BANK3

    None.

Critical Paths under _main in BANK4

    None.

Critical Paths under _tc_int in BANK4

    None.

Critical Paths under _main in BANK5

    None.

Critical Paths under _tc_int in BANK5

    None.

Call Graph Tables:

 ---------------------------------------------------------------------------------
 (Depth) Function   	        Calls       Base Space   Used Autos Params    Refs
 ---------------------------------------------------------------------------------
 (0) _main                                                 0     0      0       0
 ---------------------------------------------------------------------------------
 Estimated maximum stack depth 0
 ---------------------------------------------------------------------------------
 (Depth) Function   	        Calls       Base Space   Used Autos Params    Refs
 ---------------------------------------------------------------------------------
 (1) _tc_int                                               0     0      0       0
                               _LED0
                               _LED1
                               _LED2
                               _LED3
                            _turnoff
 ---------------------------------------------------------------------------------
 (2) _turnoff                                              0     0      0       0
 ---------------------------------------------------------------------------------
 (2) _LED3                                                 0     0      0       0
 ---------------------------------------------------------------------------------
 (2) _LED2                                                 0     0      0       0
 ---------------------------------------------------------------------------------
 (2) _LED1                                                 0     0      0       0
 ---------------------------------------------------------------------------------
 (2) _LED0                                                 0     0      0       0
 ---------------------------------------------------------------------------------
 Estimated maximum stack depth 2
 ---------------------------------------------------------------------------------

 Call Graph Graphs:

 _main (ROOT)

 _tc_int (ROOT)
   _LED0
   _LED1
   _LED2
   _LED3
   _turnoff

 Address spaces:
Name               Size   Autos  Total    Cost      Usage
BIGRAM             5F3      0       0      16        0.0%
EEDATA             100      0       0       0        0.0%
BITBANK4           100      0       0      11        0.0%
BANK4              100      0       0      12        0.0%
BITBANK3           100      0       0       9        0.0%
BANK3              100      0       0      10        0.0%
BITBANK2           100      0       0       7        0.0%
BANK2              100      0       0       8        0.0%
BITBANK1           100      0       0       5        0.0%
BANK1              100      0       0       6        0.0%
BITBANK5            F4      0       0      15        0.0%
BANK5               F4      0       0      13        0.0%
BITBANK0            80      0       0       3        0.0%
BANK0               80      0       0       4        0.0%
BITCOMRAM           7E      0       0       0        0.0%
COMRAM              7E      0       2       1        1.6%
BITSFR_5             0      0       0     200        0.0%
SFR_5                0      0       0     200        0.0%
BITSFR_4             0      0       0     200        0.0%
SFR_4                0      0       0     200        0.0%
BITSFR_3             0      0       0     200        0.0%
SFR_3                0      0       0     200        0.0%
BITSFR_2             0      0       0     200        0.0%
SFR_2                0      0       0     200        0.0%
BITSFR_1             0      0       0     200        0.0%
SFR_1                0      0       0     200        0.0%
BITSFR               0      0       0     200        0.0%
SFR                  0      0       0     200        0.0%
STACK                0      0       0       2        0.0%
NULL                 0      0       0       0        0.0%
ABS                  0      0       2      14        0.0%
DATA                 0      0       2      17        0.0%
CODE                 0      0       0       0        0.0%


Microchip Technology PIC18 Macro Assembler V2.00 build -1524193055 
Symbol Table                                                                                   Thu Nov 29 17:21:30 2018

                     l43 0104                       l44 0104                       l45 0108  
                     l46 0108                      l761 00F6                      l763 00F8  
                    l765 00FA                      l767 00FC                      l759 00EA  
                    l769 00FE                      _PR2 000FCB             __CFG_LVP$OFF 000000  
           __CFG_WDT$OFF 000000                     _LED0 012C                     _LED1 0128  
                   _LED2 0124                     _LED3 0120                     _LATD 000F8C  
                   i2l51 0038                     i2l52 0054                     i2l61 012E  
                   i2l53 0070                     i2l70 0122                     i2l54 008C  
                   i2l55 00A8                     i2l64 012A                     i2l56 00C4  
                   i2l73 011E                     i2l57 00E0                     i2l58 00E6  
                   i2l67 0126                     _TMR2 000FCC                     _main 00EA  
                   btemp 0003                     start 000E             ___param_bank 000000  
                  ?_LED0 0000                    ?_LED1 0000                    ?_LED2 0000  
                  ?_LED3 0000                    ?_main 0000                    _T2CON 000FCA  
                  i2l801 00E4                    i2l751 0128                    i2l753 0124  
                  i2l755 0120                    i2l771 0014                    i2l749 012C  
                  i2l757 011A                    i2l781 0054                    i2l773 0022  
                  i2l791 00A0                    i2l783 0068                    i2l775 0030  
                  i2l793 00A8                    i2l785 0070                    i2l777 0038  
                  i2l795 00BC                    i2l787 0084                    i2l779 004C  
                  i2l797 00C4                    i2l789 008C                    i2l799 00D8  
                  _TRISD 000F95                    _count 0001                    ttemp5 0004  
                  ttemp6 0007                    ttemp7 000B                    status 000FD8  
                  wtemp8 0004          __end_of_turnoff 0120             __end_of_LED0 0130  
           __end_of_LED1 012C             __end_of_LED2 0128             __end_of_LED3 0124  
        __initialization 010C             __end_of_main 010C                   ??_LED0 0000  
                 ??_LED1 0000                   ??_LED2 0000                   ??_LED3 0000  
                 ??_main 0000            __activetblptr 000000                   _TMR2IE 007CE9  
                 _TMR2IF 007CF1                   i2u1_40 0022                   i2u1_41 001E  
                 i2u2_40 0030                   i2u2_41 002C                   i2u3_40 004C  
                 i2u3_41 0048                   i2u4_40 0068                   i2u4_41 0064  
                 i2u5_40 0084                   i2u5_41 0080                   i2u6_40 00A0  
                 i2u6_41 009C                   i2u7_40 00BC                   i2u7_41 00B8  
                 i2u8_40 00D8                   i2u8_41 00D4                   _tc_int 0008  
              ??_turnoff 0000               __accesstop 0080  __end_of__initialization 0110  
        __CFG_PBADEN$OFF 000000            ___rparam_used 000001           __pcstackCOMRAM 0000  
                ?_tc_int 0000                  __Hparam 0000                  __Lparam 0000  
                __pcinit 010C                  __ramtop 0600          __size_of_tc_int 00E2  
                __ptext0 00EA                  __ptext2 011A                  __ptext3 0120  
                __ptext4 0124                  __ptext5 0128                  __ptext6 012C  
         __pintcode_body 0012     end_of_initialization 0110                  _turnoff 011A  
                int_func 0012           __end_of_tc_int 00EA      start_initialization 010C  
       __CFG_OSC$INTIO67 000000                 ??_tc_int 0000              __pbssCOMRAM 0001  
              __pintcode 0008                 ?_turnoff 0000                 _LATDbits 000F8C  
               _IPR1bits 000F9F                 _PIE1bits 000F9D                 _PIR1bits 000F9E  
               _RCONbits 000FD0                 __Hrparam 0000                 __Lrparam 0000  
          __size_of_LED0 0004            __size_of_LED1 0004            __size_of_LED2 0004  
          __size_of_LED3 0004         __size_of_turnoff 0006            __size_of_main 0022  
               int$flags 0003               _INTCONbits 000FF2                 intlevel2 0000  
