

Microchip Technology PIC18 Macro Assembler V2.00 build -1524193055 
                                                                                                           Mon Oct 29 19:08:56 2018


     1                           	processor	18F4520
     2                           	opt	pw 132
     3                           	psect	mytext,local,reloc=2,class=CODE,delta=1
     4  0000                     stk_offset	set	0
     5  0000                     auto_size	set	0
     6                           
     7                           ; stack_auto defines a symbol /name/_offset which equates to the
     8                           ; stack offset of the auto object in question
     9  0000                     
    10                           ; stack_param defines a symbol /name/_offset which equates to the
    11                           ; stack offset of the parameter object in question
    12  0000                     
    13                           ; alloc_stack adjusts the SP to allocate space for auto objects
    14                           ; it also links in to the btemp symbol so that can be used
    15  0000                     
    16                           ; restore_stack adjusts the SP to remove all auto and parameter
    17                           ; objects from the stack prior to returning from a function
    18  0000                     
    19                           	psect	mytext
    20  007FBE                     _mul:
    21                           	opt stack 0
    22  007FBE  C001 FF8B          	movff	1,3979
    23  007FC2  C003 FF8C          	movff	3,3980
    24  007FC6  0E08               	movlw	8
    25  007FC8  6E89               	movwf	3977,c
    26  007FCA  6AF3               	clrf	prodl,c
    27  007FCC  6AF4               	clrf	prodh,c
    28  007FCE  6AE8               	clrf	wreg,c
    29  007FD0                     start:
    30  007FD0  D010               	bra	shift
    31  007FD2                     aftershift:
    32  007FD2  BE8C               	btfsc	3980,7,c
    33  007FD4  D009               	bra	multi
    34  007FD6                     aftermulti:
    35  007FD6  368C               	rlcf	3980,f,c
    36  007FD8  908C               	bcf	3980,0,c
    37  007FDA  2E89               	decfsz	3977,f,c
    38  007FDC  D7F9               	bra	start
    39  007FDE  CFF3 F001          	movff	prodl,1
    40  007FE2  CFF4 F002          	movff	prodh,2
    41  007FE6  0012               	return	
    42  007FE8                     multi:
    43  007FE8  508B               	movf	3979,w,c
    44  007FEA  26F3               	addwf	prodl,f,c
    45  007FEC  6AE8               	clrf	wreg,c
    46  007FEE  22F4               	addwfc	prodh,f,c
    47  007FF0  D7F2               	bra	aftermulti
    48  007FF2                     shift:
    49  007FF2  46F4               	rlncf	prodh,f,c
    50  007FF4  BEF3               	btfsc	prodl,7,c
    51  007FF6  22F4               	addwfc	prodh,f,c
    52  007FF8  46F3               	rlncf	prodl,f,c
    53  007FFA  90F3               	bcf	prodl,0,c
    54  007FFC  6AE8               	clrf	wreg,c
    55  007FFE  D7E9               	bra	aftershift
    56                           prodh	equ	0xFF4
    57                           prodl	equ	0xFF3
    58                           wreg	equ	0xFE8


Microchip Technology PIC18 Macro Assembler V2.00 build -1524193055 
Symbol Table                                                                                               Mon Oct 29 19:08:56 2018

                        LATA 000F89                          LATC 000F8B                          LATD 000F8C  
                        WREG 000FE8                          _mul 7FBE                         PRODH 000FF4  
                       PRODL 000FF3                         shift 7FF2                         multi 7FE8  
                       start 7FD0                    aftershift 7FD2                    aftermulti 7FD6  
