MPASM 5.81                NEWASMTEMPLATE.ASM   1-5-2019  20:17:30         PAGE  1


LOC  OBJECT CODE     LINE SOURCE TEXT
  VALUE

                      00001 ;       VGA Monitor Tester v.2.0
                      00002 ;       (c) 2001-03 Yuri Lysenkov aka YUSoft
                      00003 ;       http://www.hardw.net/russian/vga-test.php
                      00004 ;
                      00005 ;       based on the Eric Schlaepfer's MDA/CGA Tester
                      00006 ;       http://www.sonic.net/~schlae/pic.html
                      00007 
                      00008 ;       Ceramic resonator 4MHz, Tcycle=1mkS
                      00009 
                      00010 ;       (VGA: Video mode 640x480  HSync=-31,4KHz 1/HSync=32cycles
                      00011 ;                                 VSync=-60Hz 1/VSync=16667cycles
                      00012 
                      00013 ;       processor 16f84
                      00014         list p=18f4550
                      00015         CONFIG  FOSC = XT_XT
                      00016         CONFIG  WDT = OFF 
                      00017         CONFIG  LVP = OFF 
                      00018         CONFIG  PWRT = ON
                      00019         #include <p18f4550.inc>
                      00001         LIST
                      00002 
                      00003 ;==========================================================================
                      00004 ; Build date : Jul 23 2018
                      00005 ;  MPASM PIC18F4550 processor include
                      00006 ; 
                      00007 ;  (c) Copyright 1999-2018 Microchip Technology, All rights reserved
                      00008 ;==========================================================================
                      00009 
                      01765         LIST
                      00020 
  0000000C            00021 TopCount:       equ      0x0C
  0000000D            00022 BotCount:       equ      0x0D
  00000010            00023 LCount0:        equ      0x10
  00000011            00024 LCount1:        equ      0x11
  00000012            00025 LCount2:        equ      0x12
  00000013            00026 LCount3:        equ      0x13
  00000014            00027 LCount4:        equ      0x14
  00000015            00028 LCount5:        equ      0x15
  00000016            00029 LCount6:        equ      0x16
                      00030 
                      00031 blank:  macro
                      00032         bcf     PORTB, 1
                      00033         endm
                      00034 point:  macro
                      00035         bsf     PORTB, 1
                      00036         endm
                      00037 
                      00038 HSync:  macro
                      00039         bcf     PORTB, 3      ; horiz sync
                      00040         nop
                      00041         bsf     PORTB, 3      ; horiz sync
                      00042         endm
                      00043 
MPASM 5.81                NEWASMTEMPLATE.ASM   1-5-2019  20:17:30         PAGE  2


LOC  OBJECT CODE     LINE SOURCE TEXT
  VALUE

                      00044 VSync:  macro
                      00045         bcf     PORTB, 4        ; vert sync
                      00046         nop
                      00047         nop
                      00048         nop
                      00049         nop
                      00050         nop
                      00051         bsf     PORTB, 4        ; vert sync
                      00052         endm
                      00053 
                      00054         org     0
000000 EF?? F???      00055         goto    Start
                      00056         org     0x20            ; start address 0
                      00057 
000020 6A81           00058 Start:  clrf    PORTB
000022 0101           00059         movlb   0x01    ; select bank 1
000024 6A93           00060         clrf    TRISB
000026 0100           00061         movlb   0x00            ; select bank 0
000028 8881           00062         bsf     PORTB, 4        ; vert sync
                      00063 
                      00064 LoopV:  VSync                   ; 1-6
00002A 9881               M         bcf     PORTB, 4        ; vert sync
00002C 0000               M         nop
00002E 0000               M         nop
000030 0000               M         nop
000032 0000               M         nop
000034 0000               M         nop
000036 8881               M         bsf     PORTB, 4        ; vert sync
                      00065 
                      00066         blank                   ; 1
000038 9281               M         bcf     PORTB, 1
00003A 0ED0           00067         movlw   D'208'
00003C 6E0C           00068         movwf   TopCount
00003E 6E0D           00069         movwf   BotCount
000040 0E0F           00070         movlw   D'15'
000042 6E10           00071         movwf   LCount0
000044 6E11           00072         movwf   LCount1
000046 6E12           00073         movwf   LCount2
000048 6E13           00074         movwf   LCount3
00004A 6E14           00075         movwf   LCount4
00004C 6E15           00076         movwf   LCount5
00004E 6E16           00077         movwf   LCount6
                      00078                                 
000050                00079 BlankLoopTop:                   ; now, the blank area at the top
                      00080         blank                   ; 1
000050 9281               M         bcf     PORTB, 1
000052 0000           00081         nop                     ; 2
000054 0000           00082         nop                     ; 3
000056 EC?? F???      00083         call    Delay10mkS      ; 4-13
00005A EC?? F???      00084         call    Delay10mkS      ; 14-23
                      00085         
00005E 0000           00086         nop                     ; 24
000060 0000           00087         nop                     ; 25
MPASM 5.81                NEWASMTEMPLATE.ASM   1-5-2019  20:17:30         PAGE  3


LOC  OBJECT CODE     LINE SOURCE TEXT
  VALUE

000062 0000           00088         nop                     ; 26
                      00089 
                      00090         HSync                   ; 27-29
000064 9681               M         bcf     PORTB, 3      ; horiz sync
000066 0000               M         nop
000068 8681               M         bsf     PORTB, 3      ; horiz sync
                      00091 
00006A 2E0C           00092         decfsz  TopCount        ; 30
00006C EF?? F???      00093         goto    BlankLoopTop    ; 31
000070 0000           00094         nop                     ; 32 (207*32=6624)
                      00095 
                      00096         #include <text.inc>     ; 7*15*32=3360
                      00001 ;  00000000011111111112222222HHHLL3
                      00002 ;  12345678901234567890123456HHHLL2
                      00003 ;0  ***** *****  **** *****
                      00004 ;1    *   *     *       *
                      00005 ;2    *   *     *       *
                      00006 ;3    *   ***** *       *
                      00007 ;4    *   *     *       *
                      00008 ;5    *   *     *       *
                      00009 ;6    *   *****  ****   *
                      00010 
                      00011 Loop0:  blank      ; 1  
000072 9281               M         bcf     PORTB, 1
                      00012         point      ; 2  *
000074 8281               M         bsf     PORTB, 1
                      00013         point      ; 3  *
000076 8281               M         bsf     PORTB, 1
                      00014         point      ; 4  * 
000078 8281               M         bsf     PORTB, 1
                      00015         point      ; 5  *
00007A 8281               M         bsf     PORTB, 1
                      00016         point      ; 6  *
00007C 8281               M         bsf     PORTB, 1
                      00017         blank      ; 7   
00007E 9281               M         bcf     PORTB, 1
                      00018         point      ; 8  *
000080 8281               M         bsf     PORTB, 1
                      00019         point      ; 9  *
000082 8281               M         bsf     PORTB, 1
                      00020         point      ; 10 *
000084 8281               M         bsf     PORTB, 1
                      00021         point      ; 11 *
000086 8281               M         bsf     PORTB, 1
                      00022         point      ; 12 *
000088 8281               M         bsf     PORTB, 1
                      00023         blank      ; 13  
00008A 9281               M         bcf     PORTB, 1
                      00024         blank      ; 14  
00008C 9281               M         bcf     PORTB, 1
                      00025         point      ; 15 *
00008E 8281               M         bsf     PORTB, 1
                      00026         point      ; 16 *
MPASM 5.81                NEWASMTEMPLATE.ASM   1-5-2019  20:17:30         PAGE  4


LOC  OBJECT CODE     LINE SOURCE TEXT
  VALUE

000090 8281               M         bsf     PORTB, 1
                      00027         point      ; 17 *
000092 8281               M         bsf     PORTB, 1
                      00028         point      ; 18 *
000094 8281               M         bsf     PORTB, 1
                      00029         blank      ; 19  
000096 9281               M         bcf     PORTB, 1
                      00030         point      ; 20 *
000098 8281               M         bsf     PORTB, 1
                      00031         point      ; 21 *
00009A 8281               M         bsf     PORTB, 1
                      00032         point      ; 22 *
00009C 8281               M         bsf     PORTB, 1
                      00033         point      ; 23 *
00009E 8281               M         bsf     PORTB, 1
                      00034         point      ; 24 *
0000A0 8281               M         bsf     PORTB, 1
                      00035         blank      ; 25  
0000A2 9281               M         bcf     PORTB, 1
                      00036         blank      ; 26  
0000A4 9281               M         bcf     PORTB, 1
                      00037 
                      00038         HSync      ; 27-29
0000A6 9681               M         bcf     PORTB, 3      ; horiz sync
0000A8 0000               M         nop
0000AA 8681               M         bsf     PORTB, 3      ; horiz sync
                      00039 
0000AC 2E10           00040         decfsz  LCount0       ; 30
0000AE EF?? F???      00041         goto    Loop0         ; 31
0000B2 0000           00042         nop        ; 32
                      00043 
                      00044 Loop1:  blank      ; 1   
0000B4 9281               M         bcf     PORTB, 1
                      00045         blank      ; 2   
0000B6 9281               M         bcf     PORTB, 1
                      00046         blank      ; 3   
0000B8 9281               M         bcf     PORTB, 1
                      00047         point      ; 4  * 
0000BA 8281               M         bsf     PORTB, 1
                      00048         blank      ; 5   
0000BC 9281               M         bcf     PORTB, 1
                      00049         blank      ; 6   
0000BE 9281               M         bcf     PORTB, 1
                      00050         blank      ; 7   
0000C0 9281               M         bcf     PORTB, 1
                      00051         point      ; 8  *
0000C2 8281               M         bsf     PORTB, 1
                      00052         blank      ; 9   
0000C4 9281               M         bcf     PORTB, 1
                      00053         blank      ; 10  
0000C6 9281               M         bcf     PORTB, 1
                      00054         blank      ; 11  
0000C8 9281               M         bcf     PORTB, 1
MPASM 5.81                NEWASMTEMPLATE.ASM   1-5-2019  20:17:30         PAGE  5


LOC  OBJECT CODE     LINE SOURCE TEXT
  VALUE

                      00055         blank      ; 12
0000CA 9281               M         bcf     PORTB, 1
                      00056         blank      ; 13  
0000CC 9281               M         bcf     PORTB, 1
                      00057         point      ; 14 *
0000CE 8281               M         bsf     PORTB, 1
                      00058         blank      ; 15  
0000D0 9281               M         bcf     PORTB, 1
                      00059         blank      ; 16  
0000D2 9281               M         bcf     PORTB, 1
                      00060         blank      ; 17 
0000D4 9281               M         bcf     PORTB, 1
                      00061         blank      ; 18  
0000D6 9281               M         bcf     PORTB, 1
                      00062         blank      ; 19  
0000D8 9281               M         bcf     PORTB, 1
                      00063         blank      ; 20  
0000DA 9281               M         bcf     PORTB, 1
                      00064         blank      ; 21  
0000DC 9281               M         bcf     PORTB, 1
                      00065         point      ; 22 *
0000DE 8281               M         bsf     PORTB, 1
                      00066         blank      ; 23 
0000E0 9281               M         bcf     PORTB, 1
                      00067         blank      ; 24  
0000E2 9281               M         bcf     PORTB, 1
                      00068         blank      ; 25  
0000E4 9281               M         bcf     PORTB, 1
                      00069         blank      ; 26  
0000E6 9281               M         bcf     PORTB, 1
                      00070 
                      00071         HSync      ; 27-29
0000E8 9681               M         bcf     PORTB, 3      ; horiz sync
0000EA 0000               M         nop
0000EC 8681               M         bsf     PORTB, 3      ; horiz sync
                      00072 
0000EE 2E11           00073         decfsz  LCount1       ; 30
0000F0 EF?? F???      00074         goto    Loop1         ; 31
0000F4 0000           00075         nop        ; 32
                      00076 
                      00077 Loop2:  blank      ; 1   
0000F6 9281               M         bcf     PORTB, 1
                      00078         blank      ; 2   
0000F8 9281               M         bcf     PORTB, 1
                      00079         blank      ; 3   
0000FA 9281               M         bcf     PORTB, 1
                      00080         point      ; 4  * 
0000FC 8281               M         bsf     PORTB, 1
                      00081         blank      ; 5   
0000FE 9281               M         bcf     PORTB, 1
                      00082         blank      ; 6   
000100 9281               M         bcf     PORTB, 1
                      00083         blank      ; 7   
MPASM 5.81                NEWASMTEMPLATE.ASM   1-5-2019  20:17:30         PAGE  6


LOC  OBJECT CODE     LINE SOURCE TEXT
  VALUE

000102 9281               M         bcf     PORTB, 1
                      00084         point      ; 8  *
000104 8281               M         bsf     PORTB, 1
                      00085         blank      ; 9   
000106 9281               M         bcf     PORTB, 1
                      00086         blank      ; 10  
000108 9281               M         bcf     PORTB, 1
                      00087         blank      ; 11  
00010A 9281               M         bcf     PORTB, 1
                      00088         blank      ; 12
00010C 9281               M         bcf     PORTB, 1
                      00089         blank      ; 13  
00010E 9281               M         bcf     PORTB, 1
                      00090         point      ; 14 *
000110 8281               M         bsf     PORTB, 1
                      00091         blank      ; 15  
000112 9281               M         bcf     PORTB, 1
                      00092         blank      ; 16  
000114 9281               M         bcf     PORTB, 1
                      00093         blank      ; 17 
000116 9281               M         bcf     PORTB, 1
                      00094         blank      ; 18  
000118 9281               M         bcf     PORTB, 1
                      00095         blank      ; 19  
00011A 9281               M         bcf     PORTB, 1
                      00096         blank      ; 20  
00011C 9281               M         bcf     PORTB, 1
                      00097         blank      ; 21  
00011E 9281               M         bcf     PORTB, 1
                      00098         point      ; 22 *
000120 8281               M         bsf     PORTB, 1
                      00099         blank      ; 23 
000122 9281               M         bcf     PORTB, 1
                      00100         blank      ; 24  
000124 9281               M         bcf     PORTB, 1
                      00101         blank      ; 25  
000126 9281               M         bcf     PORTB, 1
                      00102         blank      ; 26  
000128 9281               M         bcf     PORTB, 1
                      00103 
                      00104         HSync      ; 27-29
00012A 9681               M         bcf     PORTB, 3      ; horiz sync
00012C 0000               M         nop
00012E 8681               M         bsf     PORTB, 3      ; horiz sync
                      00105 
000130 2E12           00106         decfsz  LCount2       ; 30
000132 EF?? F???      00107         goto    Loop2         ; 31
000136 0000           00108         nop        ; 32
                      00109 
                      00110 Loop3:  blank      ; 1   
000138 9281               M         bcf     PORTB, 1
                      00111         blank      ; 2   
00013A 9281               M         bcf     PORTB, 1
MPASM 5.81                NEWASMTEMPLATE.ASM   1-5-2019  20:17:30         PAGE  7


LOC  OBJECT CODE     LINE SOURCE TEXT
  VALUE

                      00112         blank      ; 3   
00013C 9281               M         bcf     PORTB, 1
                      00113         point      ; 4  * 
00013E 8281               M         bsf     PORTB, 1
                      00114         blank      ; 5   
000140 9281               M         bcf     PORTB, 1
                      00115         blank      ; 6   
000142 9281               M         bcf     PORTB, 1
                      00116         blank      ; 7   
000144 9281               M         bcf     PORTB, 1
                      00117         point      ; 8  *
000146 8281               M         bsf     PORTB, 1
                      00118         point      ; 9  *
000148 8281               M         bsf     PORTB, 1
                      00119         point      ; 10 *
00014A 8281               M         bsf     PORTB, 1
                      00120         point      ; 11 *
00014C 8281               M         bsf     PORTB, 1
                      00121         point      ; 12 *
00014E 8281               M         bsf     PORTB, 1
                      00122         blank      ; 13  
000150 9281               M         bcf     PORTB, 1
                      00123         point      ; 14 *
000152 8281               M         bsf     PORTB, 1
                      00124         blank      ; 15  
000154 9281               M         bcf     PORTB, 1
                      00125         blank      ; 16  
000156 9281               M         bcf     PORTB, 1
                      00126         blank      ; 17 
000158 9281               M         bcf     PORTB, 1
                      00127         blank      ; 18  
00015A 9281               M         bcf     PORTB, 1
                      00128         blank      ; 19  
00015C 9281               M         bcf     PORTB, 1
                      00129         blank      ; 20  
00015E 9281               M         bcf     PORTB, 1
                      00130         blank      ; 21  
000160 9281               M         bcf     PORTB, 1
                      00131         point      ; 22 *
000162 8281               M         bsf     PORTB, 1
                      00132         blank      ; 23 
000164 9281               M         bcf     PORTB, 1
                      00133         blank      ; 24  
000166 9281               M         bcf     PORTB, 1
                      00134         blank      ; 25  
000168 9281               M         bcf     PORTB, 1
                      00135         blank      ; 26  
00016A 9281               M         bcf     PORTB, 1
                      00136 
                      00137         HSync      ; 27-29
00016C 9681               M         bcf     PORTB, 3      ; horiz sync
00016E 0000               M         nop
000170 8681               M         bsf     PORTB, 3      ; horiz sync
MPASM 5.81                NEWASMTEMPLATE.ASM   1-5-2019  20:17:30         PAGE  8


LOC  OBJECT CODE     LINE SOURCE TEXT
  VALUE

                      00138 
000172 2E13           00139         decfsz  LCount3       ; 30
000174 EF?? F???      00140         goto    Loop3         ; 31
000178 0000           00141         nop        ; 32
                      00142 
                      00143 Loop4:  blank      ; 1   
00017A 9281               M         bcf     PORTB, 1
                      00144         blank      ; 2   
00017C 9281               M         bcf     PORTB, 1
                      00145         blank      ; 3   
00017E 9281               M         bcf     PORTB, 1
                      00146         point      ; 4  * 
000180 8281               M         bsf     PORTB, 1
                      00147         blank      ; 5   
000182 9281               M         bcf     PORTB, 1
                      00148         blank      ; 6   
000184 9281               M         bcf     PORTB, 1
                      00149         blank      ; 7   
000186 9281               M         bcf     PORTB, 1
                      00150         point      ; 8  *
000188 8281               M         bsf     PORTB, 1
                      00151         blank      ; 9   
00018A 9281               M         bcf     PORTB, 1
                      00152         blank      ; 10  
00018C 9281               M         bcf     PORTB, 1
                      00153         blank      ; 11  
00018E 9281               M         bcf     PORTB, 1
                      00154         blank      ; 12
000190 9281               M         bcf     PORTB, 1
                      00155         blank      ; 13  
000192 9281               M         bcf     PORTB, 1
                      00156         point      ; 14 *
000194 8281               M         bsf     PORTB, 1
                      00157         blank      ; 15  
000196 9281               M         bcf     PORTB, 1
                      00158         blank      ; 16  
000198 9281               M         bcf     PORTB, 1
                      00159         blank      ; 17 
00019A 9281               M         bcf     PORTB, 1
                      00160         blank      ; 18  
00019C 9281               M         bcf     PORTB, 1
                      00161         blank      ; 19  
00019E 9281               M         bcf     PORTB, 1
                      00162         blank      ; 20  
0001A0 9281               M         bcf     PORTB, 1
                      00163         blank      ; 21  
0001A2 9281               M         bcf     PORTB, 1
                      00164         point      ; 22 *
0001A4 8281               M         bsf     PORTB, 1
                      00165         blank      ; 23 
0001A6 9281               M         bcf     PORTB, 1
                      00166         blank      ; 24  
0001A8 9281               M         bcf     PORTB, 1
MPASM 5.81                NEWASMTEMPLATE.ASM   1-5-2019  20:17:30         PAGE  9


LOC  OBJECT CODE     LINE SOURCE TEXT
  VALUE

                      00167         blank      ; 25  
0001AA 9281               M         bcf     PORTB, 1
                      00168         blank      ; 26  
0001AC 9281               M         bcf     PORTB, 1
                      00169 
                      00170         HSync      ; 27-29
0001AE 9681               M         bcf     PORTB, 3      ; horiz sync
0001B0 0000               M         nop
0001B2 8681               M         bsf     PORTB, 3      ; horiz sync
                      00171 
0001B4 2E14           00172         decfsz  LCount4       ; 30
0001B6 EF?? F???      00173         goto    Loop4         ; 31
0001BA 0000           00174         nop        ; 32
                      00175 
                      00176 Loop5:  blank      ; 1   
0001BC 9281               M         bcf     PORTB, 1
                      00177         blank      ; 2   
0001BE 9281               M         bcf     PORTB, 1
                      00178         blank      ; 3   
0001C0 9281               M         bcf     PORTB, 1
                      00179         point      ; 4  * 
0001C2 8281               M         bsf     PORTB, 1
                      00180         blank      ; 5   
0001C4 9281               M         bcf     PORTB, 1
                      00181         blank      ; 6   
0001C6 9281               M         bcf     PORTB, 1
                      00182         blank      ; 7   
0001C8 9281               M         bcf     PORTB, 1
                      00183         point      ; 8  *
0001CA 8281               M         bsf     PORTB, 1
                      00184         blank      ; 9   
0001CC 9281               M         bcf     PORTB, 1
                      00185         blank      ; 10  
0001CE 9281               M         bcf     PORTB, 1
                      00186         blank      ; 11  
0001D0 9281               M         bcf     PORTB, 1
                      00187         blank      ; 12
0001D2 9281               M         bcf     PORTB, 1
                      00188         blank      ; 13  
0001D4 9281               M         bcf     PORTB, 1
                      00189         point      ; 14 *
0001D6 8281               M         bsf     PORTB, 1
                      00190         blank      ; 15  
0001D8 9281               M         bcf     PORTB, 1
                      00191         blank      ; 16  
0001DA 9281               M         bcf     PORTB, 1
                      00192         blank      ; 17 
0001DC 9281               M         bcf     PORTB, 1
                      00193         blank      ; 18  
0001DE 9281               M         bcf     PORTB, 1
                      00194         blank      ; 19  
0001E0 9281               M         bcf     PORTB, 1
                      00195         blank      ; 20  
MPASM 5.81                NEWASMTEMPLATE.ASM   1-5-2019  20:17:30         PAGE 10


LOC  OBJECT CODE     LINE SOURCE TEXT
  VALUE

0001E2 9281               M         bcf     PORTB, 1
                      00196         blank      ; 21  
0001E4 9281               M         bcf     PORTB, 1
                      00197         point      ; 22 *
0001E6 8281               M         bsf     PORTB, 1
                      00198         blank      ; 23 
0001E8 9281               M         bcf     PORTB, 1
                      00199         blank      ; 24  
0001EA 9281               M         bcf     PORTB, 1
                      00200         blank      ; 25  
0001EC 9281               M         bcf     PORTB, 1
                      00201         blank      ; 26  
0001EE 9281               M         bcf     PORTB, 1
                      00202 
                      00203         HSync      ; 27-29
0001F0 9681               M         bcf     PORTB, 3      ; horiz sync
0001F2 0000               M         nop
0001F4 8681               M         bsf     PORTB, 3      ; horiz sync
                      00204 
0001F6 2E15           00205         decfsz  LCount5       ; 30
0001F8 EF?? F???      00206         goto    Loop5         ; 31
0001FC 0000           00207         nop        ; 32
                      00208 
                      00209 Loop6:  blank      ; 1   
0001FE 9281               M         bcf     PORTB, 1
                      00210         blank      ; 2   
000200 9281               M         bcf     PORTB, 1
                      00211         blank      ; 3   
000202 9281               M         bcf     PORTB, 1
                      00212         point      ; 4  * 
000204 8281               M         bsf     PORTB, 1
                      00213         blank      ; 5   
000206 9281               M         bcf     PORTB, 1
                      00214         blank      ; 6   
000208 9281               M         bcf     PORTB, 1
                      00215         blank      ; 7   
00020A 9281               M         bcf     PORTB, 1
                      00216         point      ; 8  *
00020C 8281               M         bsf     PORTB, 1
                      00217         point      ; 9  *
00020E 8281               M         bsf     PORTB, 1
                      00218         point      ; 10 *
000210 8281               M         bsf     PORTB, 1
                      00219         point      ; 11 *
000212 8281               M         bsf     PORTB, 1
                      00220         point      ; 12 *
000214 8281               M         bsf     PORTB, 1
                      00221         blank      ; 13  
000216 9281               M         bcf     PORTB, 1
                      00222         blank      ; 14  
000218 9281               M         bcf     PORTB, 1
                      00223         point      ; 15 *
00021A 8281               M         bsf     PORTB, 1
MPASM 5.81                NEWASMTEMPLATE.ASM   1-5-2019  20:17:30         PAGE 11


LOC  OBJECT CODE     LINE SOURCE TEXT
  VALUE

                      00224         point      ; 16 *
00021C 8281               M         bsf     PORTB, 1
                      00225         point      ; 17 *
00021E 8281               M         bsf     PORTB, 1
                      00226         point      ; 18 *
000220 8281               M         bsf     PORTB, 1
                      00227         blank      ; 19  
000222 9281               M         bcf     PORTB, 1
                      00228         blank      ; 20  
000224 9281               M         bcf     PORTB, 1
                      00229         blank      ; 21  
000226 9281               M         bcf     PORTB, 1
                      00230         point      ; 22 *
000228 8281               M         bsf     PORTB, 1
                      00231         blank      ; 23 
00022A 9281               M         bcf     PORTB, 1
                      00232         blank      ; 24  
00022C 9281               M         bcf     PORTB, 1
                      00233         blank      ; 25  
00022E 9281               M         bcf     PORTB, 1
                      00234         blank      ; 26  
000230 9281               M         bcf     PORTB, 1
                      00235 
                      00236         HSync      ; 27-29
000232 9681               M         bcf     PORTB, 3      ; horiz sync
000234 0000               M         nop
000236 8681               M         bsf     PORTB, 3      ; horiz sync
                      00237         
000238 2E16           00238         decfsz  LCount6       ; 30
00023A EF?? F???      00239         goto    Loop6         ; 31
00023E 0000           00240         nop        ; 32
                      00241 
                      00242 
                      00097                               
000240                00098 BlankLoopBot:                   ;now, the blank area at the bottom
                      00099         blank                   ; 1
000240 9281               M         bcf     PORTB, 1
000242 0000           00100         nop                     ; 2
000244 0000           00101         nop                     ; 3
000246 EC?? F???      00102         call    Delay10mkS      ; 4-13
00024A EC?? F???      00103         call    Delay10mkS      ; 14-23
                      00104         
00024E 0000           00105         nop                     ; 24
000250 0000           00106         nop                     ; 25
000252 0000           00107         nop                     ; 26
                      00108 
                      00109         HSync                   ; 27-29
000254 9681               M         bcf     PORTB, 3      ; horiz sync
000256 0000               M         nop
000258 8681               M         bsf     PORTB, 3      ; horiz sync
                      00110 
00025A 2E0D           00111         decfsz  BotCount        ; 30
00025C EF?? F???      00112         goto    BlankLoopBot    ; 31
MPASM 5.81                NEWASMTEMPLATE.ASM   1-5-2019  20:17:30         PAGE 12


LOC  OBJECT CODE     LINE SOURCE TEXT
  VALUE

                      00113 
000260 EF?? F???      00114         goto    LoopV           ; 32 (207*32=6624)
                      00115 
000264                00116 Delay10mkS:
000264 0000           00117         nop
000266 0000           00118         nop
000268 0000           00119         nop
00026A 0000           00120         nop
00026C 0000           00121         nop
00026E 0000           00122         nop
000270 0012           00123         return
                      00124 
                      00125         end
MPASM 5.81                NEWASMTEMPLATE.ASM   1-5-2019  20:17:30         PAGE 13


SYMBOL TABLE
  LABEL                             VALUE 

A                                 00000000
ABDEN                             00000000
ABDOVF                            00000007
ACCESS                            00000000
ACKDT                             00000005
ACKEN                             00000004
ACKSTAT                           00000006
ACQT0                             00000003
ACQT1                             00000004
ACQT2                             00000005
ACTVIE                            00000002
ACTVIF                            00000002
ADCON0                            00000FC2
ADCON1                            00000FC1
ADCON2                            00000FC0
ADCS0                             00000000
ADCS1                             00000001
ADCS2                             00000002
ADDEN                             00000003
ADDR0                             00000000
ADDR1                             00000001
ADDR2                             00000002
ADDR3                             00000003
ADDR4                             00000004
ADDR5                             00000005
ADDR6                             00000006
ADEN                              00000003
ADFM                              00000007
ADIE                              00000006
ADIF                              00000006
ADIP                              00000006
ADON                              00000000
ADRES                             00000FC3
ADRESH                            00000FC4
ADRESL                            00000FC3
AN0                               00000000
AN1                               00000001
AN2                               00000002
AN3                               00000003
AN4                               00000005
BANKED                            00000001
BAUDCON                           00000FB8
BAUDCTL                           00000FB8
BCLIE                             00000003
BCLIF                             00000003
BCLIP                             00000003
BF                                00000000
BGST                              00000005
BOR                               00000000
BRG16                             00000003
BRGH                              00000002
BSR                               00000FE0
BTOEE                             00000004
MPASM 5.81                NEWASMTEMPLATE.ASM   1-5-2019  20:17:30         PAGE 14


SYMBOL TABLE
  LABEL                             VALUE 

BTOEF                             00000004
BTSEE                             00000007
BTSEF                             00000007
BlankLoopBot                      00000240
BlankLoopTop                      00000050
BotCount                          0000000D
C                                 00000000
C1INV                             00000004
C1OUT                             00000006
C2INV                             00000005
C2OUT                             00000007
CCP1                              00000002
CCP1AS                            00000FB6
CCP1CON                           00000FBD
CCP1DEL                           00000FB7
CCP1IE                            00000002
CCP1IF                            00000002
CCP1IP                            00000002
CCP1M0                            00000000
CCP1M1                            00000001
CCP1M2                            00000002
CCP1M3                            00000003
CCP2CON                           00000FBA
CCP2IE                            00000000
CCP2IF                            00000000
CCP2IP                            00000000
CCP2M0                            00000000
CCP2M1                            00000001
CCP2M2                            00000002
CCP2M3                            00000003
CCPR1                             00000FBE
CCPR1H                            00000FBF
CCPR1L                            00000FBE
CCPR2                             00000FBB
CCPR2H                            00000FBC
CCPR2L                            00000FBB
CFGS                              00000006
CHS0                              00000002
CHS1                              00000003
CHS2                              00000004
CHS3                              00000005
CIS                               00000003
CK                                00000006
CK1SPP                            00000000
CK2SPP                            00000001
CKE                               00000006
CKP                               00000004
CLK1EN                            00000004
CLKCFG0                           00000006
CLKCFG1                           00000007
CM0                               00000000
CM1                               00000001
CM2                               00000002
MPASM 5.81                NEWASMTEMPLATE.ASM   1-5-2019  20:17:30         PAGE 15


SYMBOL TABLE
  LABEL                             VALUE 

CMCON                             00000FB4
CMIE                              00000006
CMIF                              00000006
CMIP                              00000006
CRC16EE                           00000002
CRC16EF                           00000002
CRC5EE                            00000001
CRC5EF                            00000001
CREN                              00000004
CSEN                              00000005
CSRC                              00000007
CVR0                              00000000
CVR1                              00000001
CVR2                              00000002
CVR3                              00000003
CVRCON                            00000FB5
CVREF                             00000004
CVREN                             00000007
CVROE                             00000006
CVRR                              00000005
CVRSS                             00000004
D                                 00000005
DATA_ADDRESS                      00000005
DC                                00000001
DC1B0                             00000004
DC1B1                             00000005
DC2B0                             00000004
DC2B1                             00000005
DDRA                              TRISA
DDRB                              TRISB
DDRC                              TRISC
DDRD                              TRISD
DDRE                              TRISE
DFN8EE                            00000003
DFN8EF                            00000003
DIR                               00000002
DONE                              00000001
D_A                               00000005
D_NOT_A                           00000005
Delay10mkS                        00000264
ECCP1AS                           00000FB6
ECCP1CON                          00000FBD
ECCP1DEL                          00000FB7
ECCPAS0                           00000004
ECCPAS1                           00000005
ECCPAS2                           00000006
ECCPASE                           00000007
EEADR                             00000FA9
EECON1                            00000FA6
EECON2                            00000FA7
EEDATA                            00000FA8
EEIE                              00000004
EEIF                              00000004
MPASM 5.81                NEWASMTEMPLATE.ASM   1-5-2019  20:17:30         PAGE 16


SYMBOL TABLE
  LABEL                             VALUE 

EEIP                              00000004
EEPGD                             00000007
ENDP0                             00000003
ENDP1                             00000004
ENDP2                             00000005
ENDP3                             00000006
EPCONDIS                          00000003
EPHSHK                            00000004
EPINEN                            00000001
EPOUTEN                           00000002
EPSTALL                           00000000
FAST                              00000001
FERR                              00000002
FLTS                              00000002
FREE                              00000004
FRM0                              00000000
FRM1                              00000001
FRM10                             00000002
FRM2                              00000002
FRM3                              00000003
FRM4                              00000004
FRM5                              00000005
FRM6                              00000006
FRM7                              00000007
FRM8                              00000000
FRM9                              00000001
FSEN                              00000002
FSR0                              00000000
FSR0H                             00000FEA
FSR0L                             00000FE9
FSR1                              00000001
FSR1H                             00000FE2
FSR1L                             00000FE1
FSR2                              00000002
FSR2H                             00000FDA
FSR2L                             00000FD9
GCEN                              00000007
GIE                               00000007
GIEH                              00000007
GIEL                              00000006
GIE_GIEH                          00000007
GO                                00000001
GO_DONE                           00000001
GO_NOT_DONE                       00000001
HLVDCON                           00000FD2
HLVDEN                            00000004
HLVDIE                            00000002
HLVDIF                            00000002
HLVDIN                            00000005
HLVDIP                            00000002
HLVDL0                            00000000
HLVDL1                            00000001
HLVDL2                            00000002
MPASM 5.81                NEWASMTEMPLATE.ASM   1-5-2019  20:17:30         PAGE 17


SYMBOL TABLE
  LABEL                             VALUE 

HLVDL3                            00000003
HSync                             
I2C_DAT                           00000005
I2C_READ                          00000002
I2C_START                         00000003
I2C_STOP                          00000004
IDLEIE                            00000004
IDLEIF                            00000004
IDLEN                             00000007
INDF0                             00000FEF
INDF1                             00000FE7
INDF2                             00000FDF
INT0                              00000000
INT0E                             00000004
INT0F                             00000001
INT0IE                            00000004
INT0IF                            00000001
INT1                              00000001
INT1E                             00000003
INT1F                             00000000
INT1IE                            00000003
INT1IF                            00000000
INT1IP                            00000006
INT1P                             00000006
INT2                              00000002
INT2E                             00000004
INT2F                             00000001
INT2IE                            00000004
INT2IF                            00000001
INT2IP                            00000007
INT2P                             00000007
INTCON                            00000FF2
INTCON2                           00000FF1
INTCON3                           00000FF0
INTEDG0                           00000006
INTEDG1                           00000005
INTEDG2                           00000004
INTSRC                            00000007
IOFS                              00000002
IPEN                              00000007
IPR1                              00000F9F
IPR2                              00000FA2
IRCF0                             00000004
IRCF1                             00000005
IRCF2                             00000006
IRVST                             00000005
IVRST                             00000005
LATA                              00000F89
LATA0                             00000000
LATA1                             00000001
LATA2                             00000002
LATA3                             00000003
LATA4                             00000004
MPASM 5.81                NEWASMTEMPLATE.ASM   1-5-2019  20:17:30         PAGE 18


SYMBOL TABLE
  LABEL                             VALUE 

LATA5                             00000005
LATA6                             00000006
LATB                              00000F8A
LATB0                             00000000
LATB1                             00000001
LATB2                             00000002
LATB3                             00000003
LATB4                             00000004
LATB5                             00000005
LATB6                             00000006
LATB7                             00000007
LATC                              00000F8B
LATC0                             00000000
LATC1                             00000001
LATC2                             00000002
LATC6                             00000006
LATC7                             00000007
LATD                              00000F8C
LATD0                             00000000
LATD1                             00000001
LATD2                             00000002
LATD3                             00000003
LATD4                             00000004
LATD5                             00000005
LATD6                             00000006
LATD7                             00000007
LATE                              00000F8D
LATE0                             00000000
LATE1                             00000001
LATE2                             00000002
LCount0                           00000010
LCount1                           00000011
LCount2                           00000012
LCount3                           00000013
LCount4                           00000014
LCount5                           00000015
LCount6                           00000016
LVDCON                            00000FD2
LVDEN                             00000004
LVDIE                             00000002
LVDIF                             00000002
LVDIN                             00000005
LVDIP                             00000002
LVDL0                             00000000
LVDL1                             00000001
LVDL2                             00000002
LVDL3                             00000003
LVV0                              00000000
LVV1                              00000001
LVV2                              00000002
LVV3                              00000003
Loop0                             00000072
Loop1                             000000B4
MPASM 5.81                NEWASMTEMPLATE.ASM   1-5-2019  20:17:30         PAGE 19


SYMBOL TABLE
  LABEL                             VALUE 

Loop2                             000000F6
Loop3                             00000138
Loop4                             0000017A
Loop5                             000001BC
Loop6                             000001FE
LoopV                             0000002A
N                                 00000004
NOT_A                             00000005
NOT_ADDRESS                       00000005
NOT_BOR                           00000000
NOT_DONE                          00000001
NOT_IPEN                          00000007
NOT_PD                            00000002
NOT_POR                           00000001
NOT_RBPU                          00000007
NOT_RI                            00000004
NOT_T1SYNC                        00000002
NOT_T3SYNC                        00000002
NOT_TO                            00000003
NOT_W                             00000002
NOT_WRITE                         00000002
OERR                              00000001
OESPP                             00000002
OSC2                              00000006
OSCCON                            00000FD3
OSCFIE                            00000007
OSCFIF                            00000007
OSCFIP                            00000007
OSCTUNE                           00000F9B
OSTS                              00000003
OV                                00000003
P                                 00000004
P1A                               00000002
P1M0                              00000006
P1M1                              00000007
PC                                00000FF9
PCFG0                             00000000
PCFG1                             00000001
PCFG2                             00000002
PCFG3                             00000003
PCL                               00000FF9
PCLATH                            00000FFA
PCLATU                            00000FFB
PD                                00000002
PDC0                              00000000
PDC1                              00000001
PDC2                              00000002
PDC3                              00000003
PDC4                              00000004
PDC5                              00000005
PDC6                              00000006
PEIE                              00000006
PEIE_GIEL                         00000006
MPASM 5.81                NEWASMTEMPLATE.ASM   1-5-2019  20:17:30         PAGE 20


SYMBOL TABLE
  LABEL                             VALUE 

PEN                               00000002
PGC                               00000006
PGD                               00000007
PGM                               00000005
PIDEE                             00000000
PIDEF                             00000000
PIE1                              00000F9D
PIE2                              00000FA0
PIR1                              00000F9E
PIR2                              00000FA1
PKTDIS                            00000004
PLUSW0                            00000FEB
PLUSW1                            00000FE3
PLUSW2                            00000FDB
POR                               00000001
PORTA                             00000F80
PORTB                             00000F81
PORTC                             00000F82
PORTD                             00000F83
PORTE                             00000F84
POSTDEC0                          00000FED
POSTDEC1                          00000FE5
POSTDEC2                          00000FDD
POSTINC0                          00000FEE
POSTINC1                          00000FE6
POSTINC2                          00000FDE
PPB0                              00000000
PPB1                              00000001
PPBI                              00000001
PPBRST                            00000006
PR2                               00000FCB
PREINC0                           00000FEC
PREINC1                           00000FE4
PREINC2                           00000FDC
PROD                              00000FF3
PRODH                             00000FF4
PRODL                             00000FF3
PRSEN                             00000007
PSA                               00000003
PSSAC0                            00000002
PSSAC1                            00000003
PSSBD0                            00000000
PSSBD1                            00000001
R                                 00000002
RA0                               00000000
RA1                               00000001
RA2                               00000002
RA3                               00000003
RA4                               00000004
RA5                               00000005
RA6                               00000006
RB0                               00000000
RB1                               00000001
MPASM 5.81                NEWASMTEMPLATE.ASM   1-5-2019  20:17:30         PAGE 21


SYMBOL TABLE
  LABEL                             VALUE 

RB2                               00000002
RB3                               00000003
RB4                               00000004
RB5                               00000005
RB6                               00000006
RB7                               00000007
RBIE                              00000003
RBIF                              00000000
RBIP                              00000000
RBPU                              00000007
RC0                               00000000
RC1                               00000001
RC2                               00000002
RC4                               00000004
RC5                               00000005
RC6                               00000006
RC7                               00000007
RCEN                              00000003
RCIDL                             00000006
RCIE                              00000005
RCIF                              00000005
RCIP                              00000005
RCMT                              00000006
RCON                              00000FD0
RCREG                             00000FAE
RCSTA                             00000FAB
RD                                00000000
RD0                               00000000
RD1                               00000001
RD16                              00000007
RD2                               00000002
RD3                               00000003
RD4                               00000004
RD5                               00000005
RD6                               00000006
RD7                               00000007
RDPU                              00000007
RDSPP                             00000007
RE0                               00000000
RE1                               00000001
RE2                               00000002
RE3                               00000003
READ_WRITE                        00000002
RESUME                            00000002
RI                                00000004
RSEN                              00000001
RX                                00000007
RX9                               00000006
RX9D                              00000000
RXDTP                             00000005
R_NOT_W                           00000002
R_W                               00000002
S                                 00000003
MPASM 5.81                NEWASMTEMPLATE.ASM   1-5-2019  20:17:30         PAGE 22


SYMBOL TABLE
  LABEL                             VALUE 

SBOREN                            00000006
SCKP                              00000004
SCS0                              00000000
SCS1                              00000001
SE0                               00000005
SEN                               00000000
SENDB                             00000003
SMP                               00000007
SOFIE                             00000006
SOFIF                             00000006
SPBRG                             00000FAF
SPBRGH                            00000FB0
SPEN                              00000007
SPP0                              00000000
SPP1                              00000001
SPP2                              00000002
SPP3                              00000003
SPP4                              00000004
SPP5                              00000005
SPP6                              00000006
SPP7                              00000007
SPPBUSY                           00000004
SPPCFG                            00000F63
SPPCON                            00000F65
SPPDATA                           00000F62
SPPEN                             00000000
SPPEPS                            00000F64
SPPIE                             00000007
SPPIF                             00000007
SPPIP                             00000007
SPPOWN                            00000001
SREN                              00000005
SSPADD                            00000FC8
SSPBUF                            00000FC9
SSPCON1                           00000FC6
SSPCON2                           00000FC5
SSPEN                             00000005
SSPIE                             00000003
SSPIF                             00000003
SSPIP                             00000003
SSPM0                             00000000
SSPM1                             00000001
SSPM2                             00000002
SSPM3                             00000003
SSPOV                             00000006
SSPSTAT                           00000FC7
STALLIE                           00000005
STALLIF                           00000005
STATUS                            00000FD8
STKFUL                            00000007
STKOVF                            00000007
STKPTR                            00000FFC
STKPTR0                           00000000
MPASM 5.81                NEWASMTEMPLATE.ASM   1-5-2019  20:17:30         PAGE 23


SYMBOL TABLE
  LABEL                             VALUE 

STKPTR1                           00000001
STKPTR2                           00000002
STKPTR3                           00000003
STKPTR4                           00000004
STKUNF                            00000006
SUSPND                            00000001
SWDTE                             00000000
SWDTEN                            00000000
SYNC                              00000004
Start                             00000020
T08BIT                            00000006
T0CKI                             00000004
T0CON                             00000FD5
T0CS                              00000005
T0IE                              00000005
T0IF                              00000002
T0IP                              00000002
T0PS0                             00000000
T0PS1                             00000001
T0PS2                             00000002
T0SE                              00000004
T13CKI                            00000000
T1CKPS0                           00000004
T1CKPS1                           00000005
T1CON                             00000FCD
T1OSCEN                           00000003
T1OSI                             00000001
T1OSO                             00000000
T1RUN                             00000006
T1SYNC                            00000002
T2CKPS0                           00000000
T2CKPS1                           00000001
T2CON                             00000FCA
T2OUTPS0                          00000003
T2OUTPS1                          00000004
T2OUTPS2                          00000005
T2OUTPS3                          00000006
T3CCP1                            00000003
T3CCP2                            00000006
T3CKPS0                           00000004
T3CKPS1                           00000005
T3CON                             00000FB1
T3NSYNC                           00000002
T3SYNC                            00000002
TABLAT                            00000FF5
TBLPTR                            00000FF6
TBLPTRH                           00000FF7
TBLPTRL                           00000FF6
TBLPTRU                           00000FF8
TMR0                              00000FD6
TMR0H                             00000FD7
TMR0IE                            00000005
TMR0IF                            00000002
MPASM 5.81                NEWASMTEMPLATE.ASM   1-5-2019  20:17:30         PAGE 24


SYMBOL TABLE
  LABEL                             VALUE 

TMR0IP                            00000002
TMR0L                             00000FD6
TMR0ON                            00000007
TMR1                              00000FCE
TMR1CS                            00000001
TMR1H                             00000FCF
TMR1IE                            00000000
TMR1IF                            00000000
TMR1IP                            00000000
TMR1L                             00000FCE
TMR1ON                            00000000
TMR2                              00000FCC
TMR2IE                            00000001
TMR2IF                            00000001
TMR2IP                            00000001
TMR2ON                            00000002
TMR3                              00000FB2
TMR3CS                            00000001
TMR3H                             00000FB3
TMR3IE                            00000001
TMR3IF                            00000001
TMR3IP                            00000001
TMR3L                             00000FB2
TMR3ON                            00000000
TO                                00000003
TOS                               00000FFD
TOSH                              00000FFE
TOSL                              00000FFD
TOSU                              00000FFF
TOUTPS0                           00000003
TOUTPS1                           00000004
TOUTPS2                           00000005
TOUTPS3                           00000006
TRISA                             00000F92
TRISA0                            00000000
TRISA1                            00000001
TRISA2                            00000002
TRISA3                            00000003
TRISA4                            00000004
TRISA5                            00000005
TRISA6                            00000006
TRISB                             00000F93
TRISB0                            00000000
TRISB1                            00000001
TRISB2                            00000002
TRISB3                            00000003
TRISB4                            00000004
TRISB5                            00000005
TRISB6                            00000006
TRISB7                            00000007
TRISC                             00000F94
TRISC0                            00000000
TRISC1                            00000001
MPASM 5.81                NEWASMTEMPLATE.ASM   1-5-2019  20:17:30         PAGE 25


SYMBOL TABLE
  LABEL                             VALUE 

TRISC2                            00000002
TRISC6                            00000006
TRISC7                            00000007
TRISD                             00000F95
TRISD0                            00000000
TRISD1                            00000001
TRISD2                            00000002
TRISD3                            00000003
TRISD4                            00000004
TRISD5                            00000005
TRISD6                            00000006
TRISD7                            00000007
TRISE                             00000F96
TRISE0                            00000000
TRISE1                            00000001
TRISE2                            00000002
TRMT                              00000001
TRNIE                             00000003
TRNIF                             00000003
TUN0                              00000000
TUN1                              00000001
TUN2                              00000002
TUN3                              00000003
TUN4                              00000004
TX                                00000006
TX9                               00000006
TX9D                              00000000
TXCKP                             00000004
TXEN                              00000005
TXIE                              00000004
TXIF                              00000004
TXIP                              00000004
TXREG                             00000FAD
TXSTA                             00000FAC
TopCount                          0000000C
UA                                00000001
UADDR                             00000F6E
UCFG                              00000F6F
UCON                              00000F6D
UEIE                              00000F6B
UEIR                              00000F6A
UEP0                              00000F70
UEP1                              00000F71
UEP10                             00000F7A
UEP11                             00000F7B
UEP12                             00000F7C
UEP13                             00000F7D
UEP14                             00000F7E
UEP15                             00000F7F
UEP2                              00000F72
UEP3                              00000F73
UEP4                              00000F74
UEP5                              00000F75
MPASM 5.81                NEWASMTEMPLATE.ASM   1-5-2019  20:17:30         PAGE 26


SYMBOL TABLE
  LABEL                             VALUE 

UEP6                              00000F76
UEP7                              00000F77
UEP8                              00000F78
UEP9                              00000F79
UERRIE                            00000001
UERRIF                            00000001
UFRM                              00000F66
UFRMH                             00000F67
UFRML                             00000F66
UIE                               00000F69
UIR                               00000F68
UOEMON                            00000006
UPUEN                             00000004
URSTIE                            00000000
URSTIF                            00000000
USBEN                             00000003
USBIE                             00000005
USBIF                             00000005
USBIP                             00000005
USTAT                             00000F6C
UTEYE                             00000007
UTRDIS                            00000003
VCFG0                             00000004
VCFG1                             00000005
VDIRMAG                           00000007
VREFM                             00000002
VREFP                             00000003
VSync                             
W                                 00000000
WCOL                              00000007
WDTCON                            00000FD1
WR                                00000001
WREG                              00000FE8
WREN                              00000002
WRERR                             00000003
WRSPP                             00000006
WS0                               00000000
WS1                               00000001
WS2                               00000002
WS3                               00000003
WUE                               00000001
Z                                 00000002
_BORV_0_2L                        000000E7
_BORV_1_2L                        000000EF
_BORV_2_2L                        000000F7
_BORV_3_2L                        000000FF
_BOR_OFF_2L                       000000F9
_BOR_ON_2L                        000000FF
_BOR_ON_ACTIVE_2L                 000000FD
_BOR_SOFT_2L                      000000FB
_CCP2MX_OFF_3H                    000000FE
_CCP2MX_ON_3H                     000000FF
_CONFIG1H                         00300001
MPASM 5.81                NEWASMTEMPLATE.ASM   1-5-2019  20:17:30         PAGE 27


SYMBOL TABLE
  LABEL                             VALUE 

_CONFIG1L                         00300000
_CONFIG2H                         00300003
_CONFIG2L                         00300002
_CONFIG3H                         00300005
_CONFIG4L                         00300006
_CONFIG5H                         00300009
_CONFIG5L                         00300008
_CONFIG6H                         0030000B
_CONFIG6L                         0030000A
_CONFIG7H                         0030000D
_CONFIG7L                         0030000C
_CP0_OFF_5L                       000000FF
_CP0_ON_5L                        000000FE
_CP1_OFF_5L                       000000FF
_CP1_ON_5L                        000000FD
_CP2_OFF_5L                       000000FF
_CP2_ON_5L                        000000FB
_CP3_OFF_5L                       000000FF
_CP3_ON_5L                        000000F7
_CPB_OFF_5H                       000000FF
_CPB_ON_5H                        000000BF
_CPD_OFF_5H                       000000FF
_CPD_ON_5H                        0000007F
_CPUDIV_OSC1_PLL2_1L              000000E7
_CPUDIV_OSC2_PLL3_1L              000000EF
_CPUDIV_OSC3_PLL4_1L              000000F7
_CPUDIV_OSC4_PLL6_1L              000000FF
_DEBUG_OFF_4L                     000000FF
_DEBUG_ON_4L                      0000007F
_DEVID1                           003FFFFE
_DEVID2                           003FFFFF
_EBTR0_OFF_7L                     000000FF
_EBTR0_ON_7L                      000000FE
_EBTR1_OFF_7L                     000000FF
_EBTR1_ON_7L                      000000FD
_EBTR2_OFF_7L                     000000FF
_EBTR2_ON_7L                      000000FB
_EBTR3_OFF_7L                     000000FF
_EBTR3_ON_7L                      000000F7
_EBTRB_OFF_7H                     000000FF
_EBTRB_ON_7H                      000000BF
_FCMEN_OFF_1H                     000000BF
_FCMEN_ON_1H                      000000FF
_FOSC_ECIO_EC_1H                  000000F4
_FOSC_ECPLLIO_EC_1H               000000F6
_FOSC_ECPLL_EC_1H                 000000F7
_FOSC_EC_EC_1H                    000000F5
_FOSC_HSPLL_HS_1H                 000000FE
_FOSC_HS_1H                       000000FC
_FOSC_INTOSCIO_EC_1H              000000F8
_FOSC_INTOSC_EC_1H                000000F9
_FOSC_INTOSC_HS_1H                000000FB
_FOSC_INTOSC_XT_1H                000000FA
MPASM 5.81                NEWASMTEMPLATE.ASM   1-5-2019  20:17:30         PAGE 28


SYMBOL TABLE
  LABEL                             VALUE 

_FOSC_XTPLL_XT_1H                 000000F2
_FOSC_XT_XT_1H                    000000F0
_ICPRT_OFF_4L                     000000DF
_ICPRT_ON_4L                      000000FF
_IDLOC0                           00200000
_IDLOC1                           00200001
_IDLOC2                           00200002
_IDLOC3                           00200003
_IDLOC4                           00200004
_IDLOC5                           00200005
_IDLOC6                           00200006
_IDLOC7                           00200007
_IESO_OFF_1H                      0000007F
_IESO_ON_1H                       000000FF
_LPT1OSC_OFF_3H                   000000FB
_LPT1OSC_ON_3H                    000000FF
_LVP_OFF_4L                       000000FB
_LVP_ON_4L                        000000FF
_MCLRE_OFF_3H                     0000007F
_MCLRE_ON_3H                      000000FF
_PBADEN_OFF_3H                    000000FD
_PBADEN_ON_3H                     000000FF
_PLLDIV_10_1L                     000000FE
_PLLDIV_12_1L                     000000FF
_PLLDIV_1_1L                      000000F8
_PLLDIV_2_1L                      000000F9
_PLLDIV_3_1L                      000000FA
_PLLDIV_4_1L                      000000FB
_PLLDIV_5_1L                      000000FC
_PLLDIV_6_1L                      000000FD
_PWRT_OFF_2L                      000000FF
_PWRT_ON_2L                       000000FE
_STVREN_OFF_4L                    000000FE
_STVREN_ON_4L                     000000FF
_USBDIV_1_1L                      000000DF
_USBDIV_2_1L                      000000FF
_VREGEN_OFF_2L                    000000DF
_VREGEN_ON_2L                     000000FF
_WDTPS_1024_2H                    000000F5
_WDTPS_128_2H                     000000EF
_WDTPS_16384_2H                   000000FD
_WDTPS_16_2H                      000000E9
_WDTPS_1_2H                       000000E1
_WDTPS_2048_2H                    000000F7
_WDTPS_256_2H                     000000F1
_WDTPS_2_2H                       000000E3
_WDTPS_32768_2H                   000000FF
_WDTPS_32_2H                      000000EB
_WDTPS_4096_2H                    000000F9
_WDTPS_4_2H                       000000E5
_WDTPS_512_2H                     000000F3
_WDTPS_64_2H                      000000ED
_WDTPS_8192_2H                    000000FB
MPASM 5.81                NEWASMTEMPLATE.ASM   1-5-2019  20:17:30         PAGE 29


SYMBOL TABLE
  LABEL                             VALUE 

_WDTPS_8_2H                       000000E7
_WDT_OFF_2H                       000000FE
_WDT_ON_2H                        000000FF
_WRT0_OFF_6L                      000000FF
_WRT0_ON_6L                       000000FE
_WRT1_OFF_6L                      000000FF
_WRT1_ON_6L                       000000FD
_WRT2_OFF_6L                      000000FF
_WRT2_ON_6L                       000000FB
_WRT3_OFF_6L                      000000FF
_WRT3_ON_6L                       000000F7
_WRTB_OFF_6H                      000000FF
_WRTB_ON_6H                       000000BF
_WRTC_OFF_6H                      000000FF
_WRTC_ON_6H                       000000DF
_WRTD_OFF_6H                      000000FF
_WRTD_ON_6H                       0000007F
_XINST_OFF_4L                     000000BF
_XINST_ON_4L                      000000FF
__18F4550                         00000001
blank                             
point                             

Errors   :     0
Warnings :     0 reported,     0 suppressed
Messages :     0 reported,     0 suppressed

